{"name": "Test to add filters in resource parameter mapped to cjf", "status": "failed", "statusDetails": {"message": "AssertionError: Incorrect Password for Username: global.admin.02 and Password: $unDay123", "trace": "self = <test_prototype_and_parameter.TestPrototypeAndParameter object at 0x79c71f5a1a90>\n\n    @allure.title(\"Test to add filters in resource parameter mapped to cjf\")\n    @allure.description(\n        \"This testcase test adding filters in resource parameter mapped to cjf with value as existing parameter and \"\n        \"constants\")\n    @allure.link(\"https://app.clickup.com/t/85zu0zegk\")\n    @pytest.mark.scenario\n    @pytest.mark.create_prototype\n    @pytest.mark.adding_filters_in_parameters_mapped_to_cjf\n    def test_adding_filters_in_parameters_mapped_to_cjf(self):\n>       properties = object_type_with_properties.test_create_object_type_properties()\n\ntests/scenarios/test_prototype_and_parameter.py:947: \n_ _ _ _ _ _ _ _ _ _ _ _ _ _ _ _ _ _ _ _ _ _ _ _ _ _ _ _ _ _ _ _ _ _ _ _ _ _ _ _ _ _ _ _ _ _ _ _ _ _ _ _ _ _ _ _ _ _ _ _ _ _ _ _ _ _ _ _ _ _ _ _ _ _ _ _ _ _ _ _ _ _ _ _ _ _ _ _ _ _ _ _ _ _ _ _ _ _ _ _ _ _ _ _ _ _ _ _ _ _ _ _ _ _ \ntests/scenarios/ontology/test_object_property.py:24: in test_create_object_type_properties\n    display_name = object_types()\ntests/scenarios/ontology/test_object_types.py:21: in test_create_object_types\n    login(Env.get_env_data(\"QA_GLOBAL_ADMIN_USERNAME_01\"), Env.get_env_data(\"QA_GLOBAL_ADMIN_PASSWORD_01\"))\ntests/unit/login_logout/login_logout.py:21: in login\n    status_200(response, \"Incorrect Password for Username: \" + user_name + \" and Password: \" + password)\n_ _ _ _ _ _ _ _ _ _ _ _ _ _ _ _ _ _ _ _ _ _ _ _ _ _ _ _ _ _ _ _ _ _ _ _ _ _ _ _ _ _ _ _ _ _ _ _ _ _ _ _ _ _ _ _ _ _ _ _ _ _ _ _ _ _ _ _ _ _ _ _ _ _ _ _ _ _ _ _ _ _ _ _ _ _ _ _ _ _ _ _ _ _ _ _ _ _ _ _ _ _ _ _ _ _ _ _ _ _ _ _ _ _ \n\nresponse = <Response [500]>, message = 'Incorrect Password for Username: global.admin.02 and Password: $unDay123'\n\n    def status_200(response, message=None):\n        if message is None:\n            message = response.text\n>       assert response.status_code == 200, message\nE       AssertionError: Incorrect Password for Username: global.admin.02 and Password: $unDay123\n\nutil/validate_response.py:4: AssertionError"}, "description": "This testcase test adding filters in resource parameter mapped to cjf with value as existing parameter and constants", "start": 1733749521670, "stop": 1733749551785, "uuid": "9b1dca0b-10a8-4464-b803-1d372ee13858", "historyId": "92115612aa89e5f810d7f85001585000", "testCaseId": "8d5b023ab5bab0efc5cd2cf8b0d6994b", "fullName": "tests.scenarios.test_prototype_and_parameter.TestPrototypeAndParameter#test_adding_filters_in_parameters_mapped_to_cjf", "labels": [{"name": "tag", "value": "adding_filters_in_parameters_mapped_to_cjf"}, {"name": "tag", "value": "create_prototype"}, {"name": "tag", "value": "scenario"}, {"name": "parentSuite", "value": "tests.scenarios"}, {"name": "suite", "value": "test_prototype_and_parameter"}, {"name": "subSuite", "value": "TestPrototypeAndParameter"}, {"name": "host", "value": "ubuntu"}, {"name": "thread", "value": "49291-MainThread"}, {"name": "framework", "value": "pytest"}, {"name": "language", "value": "cpython3"}, {"name": "package", "value": "tests.scenarios.test_prototype_and_parameter"}], "links": [{"type": "link", "url": "https://app.clickup.com/t/85zu0zegk", "name": "https://app.clickup.com/t/85zu0zegk"}]}