{"name": "Test to validate audit logs for deleting uploaded file during parameter execution", "status": "failed", "statusDetails": {"message": "AssertionError: Audit logs for deleting uploaded file during parameter execution is not as expected.Expected :['Malini L (ID:L-process.publisher.03) created the Job', 'Malini L (ID:L-process.publisher.03) Assigned User(s) to Task(s) in the Job', 'Malini L (ID:L-process.publisher.03) started the Job', 'Malini L (ID:L-process.publisher.03) started the task \"Task-1.1\" as Task1.1 of the stage \"Stage-1\"', 'Malini L (ID:L-process.publisher.03) uploaded file Name: Image_capture (Description: Media for parameter execution) for parameter \"file_upload-1\" in Task1.1 \"Task-1.1\" of the stage \"Stage-1\"', 'Malini L (ID:L-process.publisher.03) archived file Name: Image_capture (Description: Media for parameter execution) for parameter \"file_upload-1\" in Task1.1 \"Task-1.1\" of the stage \"Stage-1\"']  Actual :['Malini L (ID:L-process.publisher.03) created the Job', 'Malini L (ID:L-process.publisher.03) Assigned User(s) to Task(s) in the Job', 'Malini L (ID:L-process.publisher.03) started the Job', 'Malini L (ID:L-process.publisher.03) started the task \"Task-1.1\" as Task1.1 of the stage \"Stage-1\"', 'Malini L (ID:L-process.publisher.03) uploaded file Name: Image_capture (Description: Media for parameter execution) for parameter \"file_upload-1\" in Task1.1 \"Task-1.1\" of the stage \"Stage-1\"', 'Malini L (ID:L-process.publisher.03) stated reason \".\" to archive file Name: Image_capture (Description: Media for parameter execution) for parameter \"file_upload-1\" in Task1.1 \"Task-1.1\" of the stage \"Stage-1\"']", "trace": "self = <test_audits_of_parameter_execution.TestJobActionAuditLogs object at 0x7af822003dd0>\nprocess_creation = {'calculation-1': 'calculation-1', 'date_param': 'date-1', 'date_time_param': 'date_time-1', 'display_name': 'Auto_object_type_display_name_167667', ...}\n\n    @allure.title(\"Test to validate audit logs for deleting uploaded file during parameter execution\")\n    @allure.description(\"This test is to validate the audit logs for deleting uploaded file during parameter execution\")\n    @allure.link(\"https://app.clickup.com/t/86cuua1mn\")\n    @pytest.mark.scenario\n    @pytest.mark.job_audits\n    @pytest.mark.validate_audit_logs_of_deleting_uploaded_file_during_parameter_execution\n    def test_validate_audit_logs_of_deleting_uploaded_file_during_parameter_execution(self, process_creation):\n        login(Env.get_env_data(\"QA_PUBLISHER_USERNAME_01\"), Env.get_env_data(\"QA_PUBLISHER_PASSWORD_01\"))\n        select_facility(const.FACILITY_NAME)\n        select_usecase(const.USECASE_NAME)\n        self.job_obj.create_job()\n        self.job_obj.assign_jobs_to_user(users_list=[Env.get_env_data(\"QA_PUBLISHER_USERNAME_01\")])\n        self.job_obj.start_job()\n        self.job_obj.start_task(task_name_01)\n        self.job_obj.execute_parameter(task_name_01, process_creation[\"file_upload_param\"], data=None)\n        self.job_obj.execute_parameter(task_name_01, process_creation[\"file_upload_param\"], data={\"archive\": True})\n        audit_logs = self.job_obj.fetch_job_audits_logs()[1]\n        if audit_logs != const.AUDIT_LOGS:\n>           raise AssertionError(\n                f\"Audit logs for deleting uploaded file during parameter execution is not as expected.Expected :{const.AUDIT_LOGS}  Actual :{audit_logs}\")\nE           AssertionError: Audit logs for deleting uploaded file during parameter execution is not as expected.Expected :['Malini L (ID:L-process.publisher.03) created the Job', 'Malini L (ID:L-process.publisher.03) Assigned User(s) to Task(s) in the Job', 'Malini L (ID:L-process.publisher.03) started the Job', 'Malini L (ID:L-process.publisher.03) started the task \"Task-1.1\" as Task1.1 of the stage \"Stage-1\"', 'Malini L (ID:L-process.publisher.03) uploaded file Name: Image_capture (Description: Media for parameter execution) for parameter \"file_upload-1\" in Task1.1 \"Task-1.1\" of the stage \"Stage-1\"', 'Malini L (ID:L-process.publisher.03) archived file Name: Image_capture (Description: Media for parameter execution) for parameter \"file_upload-1\" in Task1.1 \"Task-1.1\" of the stage \"Stage-1\"']  Actual :['Malini L (ID:L-process.publisher.03) created the Job', 'Malini L (ID:L-process.publisher.03) Assigned User(s) to Task(s) in the Job', 'Malini L (ID:L-process.publisher.03) started the Job', 'Malini L (ID:L-process.publisher.03) started the task \"Task-1.1\" as Task1.1 of the stage \"Stage-1\"', 'Malini L (ID:L-process.publisher.03) uploaded file Name: Image_capture (Description: Media for parameter execution) for parameter \"file_upload-1\" in Task1.1 \"Task-1.1\" of the stage \"Stage-1\"', 'Malini L (ID:L-process.publisher.03) stated reason \".\" to archive file Name: Image_capture (Description: Media for parameter execution) for parameter \"file_upload-1\" in Task1.1 \"Task-1.1\" of the stage \"Stage-1\"']\n\ntests/scenarios/job_audits/test_audits_of_parameter_execution.py:134: AssertionError"}, "description": "This test is to validate the audit logs for deleting uploaded file during parameter execution", "start": 1733505078886, "stop": 1733505081221, "uuid": "64515eb1-957f-48d5-9dc2-da0ae67d68ff", "historyId": "953e3e813ae6a9fa09064b2840483bc5", "testCaseId": "57156688998ca9709f98304137338ff5", "fullName": "tests.scenarios.job_audits.test_audits_of_parameter_execution.TestJobActionAuditLogs#test_validate_audit_logs_of_deleting_uploaded_file_during_parameter_execution", "labels": [{"name": "tag", "value": "validate_audit_logs_of_deleting_uploaded_file_during_parameter_execution"}, {"name": "tag", "value": "job_audits"}, {"name": "tag", "value": "scenario"}, {"name": "tag", "value": "job"}, {"name": "parentSuite", "value": "tests.scenarios.job_audits"}, {"name": "suite", "value": "test_audits_of_parameter_execution"}, {"name": "subSuite", "value": "TestJobActionAuditLogs"}, {"name": "host", "value": "ubuntu"}, {"name": "thread", "value": "29333-MainThread"}, {"name": "framework", "value": "pytest"}, {"name": "language", "value": "cpython3"}, {"name": "package", "value": "tests.scenarios.job_audits.test_audits_of_parameter_execution"}], "links": [{"type": "link", "url": "https://app.clickup.com/t/86cuua1mn", "name": "https://app.clickup.com/t/86cuua1mn"}]}