{"name": "Test to verify that the Create Object Task Actions works as expected at the start of the task", "status": "failed", "statusDetails": {"message": "AssertionError", "trace": "self = <test_task_automation_actions.TestTaskAutomationActions object at 0x7b6d60bdaa20>, user_group_creation = 'Auto_Test_user_group_TestTaskAutomationActions_1376', job_execution_by = 'user'\nusers_list = ['process.publisher.03']\n\n    @allure.title(\n        \"Test to verify that the Create Object Task Actions works as expected at the start of the task\")\n    @allure.description(\n        \"This testcase tests that if the Create Object Task Actions gets triggered at the start of the task \"\n        \"during job execution\")\n    @allure.link(\"https://app.clickup.com/t/86cukby2u\")\n    @pytest.mark.scenario\n    @pytest.mark.job\n    @pytest.mark.create_object_task_action_triggered_at_start_of_task\n    @pytest.mark.parametrize(\"job_execution_by, users_list\", [(\"user\", [Env.get_env_data(\"QA_PUBLISHER_USERNAME_01\")]),\n                                                              (\"user_group\", [])])\n    def test_create_object_task_action_triggered_at_start_of_task(self, user_group_creation, job_execution_by,\n                                                                  users_list):\n        process_data = self.process_obj.test_add_create_object_action_type()\n        login(Env.get_env_data(\"QA_PUBLISHER_USERNAME_01\"), Env.get_env_data(\"QA_PUBLISHER_PASSWORD_01\"))\n        select_facility(const.FACILITY_NAME)\n        select_usecase(const.USECASE_NAME)\n        self.job_obj.assign_user_and_user_group_to_process(job_execution_by, users_list, user_group_creation,\n                                                           all_task_assignmnet=True)\n        self.job_obj.create_job()\n    \n        self.job_obj.start_job()\n>       self.job_obj.start_task(task_name_01,\n                                create_object_data={process_data[\"properties\"][\"title_display_name\"]: \"object_01\",\n                                                    process_data[\"properties\"][\"single_line_property\"]: \"single_line\",\n                                                    process_data[\"properties\"][\"multi_line_property\"]: \"multi_line\",\n                                                    process_data[\"properties\"][\"number_property\"]: \"01\",\n                                                    process_data[\"properties\"][\"multi_select_property\"]: [\n                                                        process_data[\"properties\"][\"multi_select_option\"]],\n                                                    process_data[\"properties\"][\"single_select_property\"]:\n                                                        process_data[\"properties\"][\n                                                            \"single_select_option\"],\n                                                    process_data[\"properties\"][\"date_property\"]: \"12-12-2012\",\n                                                    process_data[\"properties\"][\n                                                        \"date_time_property\"]: datetime.now().strftime(\n                                                        \"%d-%m-%Y %H:%M\")},\n                                action_type=Action_type.CREATE_OBJECT.value)\n\ntests/scenarios/job/test_task_automation_actions.py:1446: \n_ _ _ _ _ _ _ _ _ _ _ _ _ _ _ _ _ _ _ _ _ _ _ _ _ _ _ _ _ _ _ _ _ _ _ _ _ _ _ _ _ _ _ _ _ _ _ _ _ _ _ _ _ _ _ _ _ _ _ _ _ _ _ _ _ _ _ _ _ _ _ _ _ _ _ _ _ _ _ _ _ _ _ _ _ _ _ _ _ _ _ _ _ _ _ _ _ _ _ _ _ _ _ _ _ _ _ _ _ _ _ _ _ _ \ntests/unit/execution/jobs.py:352: in start_task\n    status_200(response)\n_ _ _ _ _ _ _ _ _ _ _ _ _ _ _ _ _ _ _ _ _ _ _ _ _ _ _ _ _ _ _ _ _ _ _ _ _ _ _ _ _ _ _ _ _ _ _ _ _ _ _ _ _ _ _ _ _ _ _ _ _ _ _ _ _ _ _ _ _ _ _ _ _ _ _ _ _ _ _ _ _ _ _ _ _ _ _ _ _ _ _ _ _ _ _ _ _ _ _ _ _ _ _ _ _ _ _ _ _ _ _ _ _ _ \n\nresponse = <Response [500]>, message = ''\n\n    def status_200(response, message=None):\n        if message is None:\n            message = response.text\n>       assert response.status_code == 200, message\nE       AssertionError\n\nutil/validate_response.py:4: AssertionError"}, "description": "This testcase tests that if the Create Object Task Actions gets triggered at the start of the task during job execution", "parameters": [{"name": "job_execution_by", "value": "'user'"}, {"name": "users_list", "value": "['process.publisher.03']"}], "start": 1733766395371, "stop": 1733766409746, "uuid": "39dab9a2-9413-4179-a833-25d5fc19a633", "historyId": "9b7dbf01828e864bf9d9d225a12b27c2", "testCaseId": "0930fe0e5eb62395ab71526f76896897", "fullName": "tests.scenarios.job.test_task_automation_actions.TestTaskAutomationActions#test_create_object_task_action_triggered_at_start_of_task", "labels": [{"name": "tag", "value": "create_object_task_action_triggered_at_start_of_task"}, {"name": "tag", "value": "job"}, {"name": "tag", "value": "scenario"}, {"name": "parentSuite", "value": "tests.scenarios.job"}, {"name": "suite", "value": "test_task_automation_actions"}, {"name": "subSuite", "value": "TestTaskAutomationActions"}, {"name": "host", "value": "ubuntu"}, {"name": "thread", "value": "53959-MainThread"}, {"name": "framework", "value": "pytest"}, {"name": "language", "value": "cpython3"}, {"name": "package", "value": "tests.scenarios.job.test_task_automation_actions"}], "links": [{"type": "link", "url": "https://app.clickup.com/t/86cukby2u", "name": "https://app.clickup.com/t/86cukby2u"}]}