{"name": "Test to create a new prototype with checklist added to task", "status": "failed", "statusDetails": {"message": "AssertionError: Incorrect Password for Username: facility.admin.03 and Password: $unDay123", "trace": "self = <test_prototype_and_parameter.TestPrototypeAndParameter object at 0x79c71f5a3530>\n\n    @allure.title(\"Test to create a new prototype with checklist added to task\")\n    @allure.description(\"This test case tests adding checklist to task\")\n    @allure.link(\"https://app.clickup.com/t/85zu00mv3\")\n    @pytest.mark.scenario\n    @pytest.mark.add_activities\n    @pytest.mark.adding_checklist_activity_to_task_and_publish_prototype\n    def test_adding_checklist_activity_to_task_and_publish_prototype(self):\n>       login(Env.get_env_data(\"QA_ADMIN_USERNAME_01\"), Env.get_env_data(\"QA_ADMIN_PASSWORD_01\"))\n\ntests/scenarios/test_prototype_and_parameter.py:1745: \n_ _ _ _ _ _ _ _ _ _ _ _ _ _ _ _ _ _ _ _ _ _ _ _ _ _ _ _ _ _ _ _ _ _ _ _ _ _ _ _ _ _ _ _ _ _ _ _ _ _ _ _ _ _ _ _ _ _ _ _ _ _ _ _ _ _ _ _ _ _ _ _ _ _ _ _ _ _ _ _ _ _ _ _ _ _ _ _ _ _ _ _ _ _ _ _ _ _ _ _ _ _ _ _ _ _ _ _ _ _ _ _ _ _ \ntests/unit/login_logout/login_logout.py:21: in login\n    status_200(response, \"Incorrect Password for Username: \" + user_name + \" and Password: \" + password)\n_ _ _ _ _ _ _ _ _ _ _ _ _ _ _ _ _ _ _ _ _ _ _ _ _ _ _ _ _ _ _ _ _ _ _ _ _ _ _ _ _ _ _ _ _ _ _ _ _ _ _ _ _ _ _ _ _ _ _ _ _ _ _ _ _ _ _ _ _ _ _ _ _ _ _ _ _ _ _ _ _ _ _ _ _ _ _ _ _ _ _ _ _ _ _ _ _ _ _ _ _ _ _ _ _ _ _ _ _ _ _ _ _ _ \n\nresponse = <Response [500]>, message = 'Incorrect Password for Username: facility.admin.03 and Password: $unDay123'\n\n    def status_200(response, message=None):\n        if message is None:\n            message = response.text\n>       assert response.status_code == 200, message\nE       AssertionError: Incorrect Password for Username: facility.admin.03 and Password: $unDay123\n\nutil/validate_response.py:4: AssertionError"}, "description": "This test case tests adding checklist to task", "start": 1733749823242, "stop": 1733749853358, "uuid": "ac53d47d-f33d-45f0-8cb5-87af19eeeaf2", "historyId": "937c9cd4ffe6197d7039010460cb4576", "testCaseId": "57e570d3acbb82042c748850b42ab1eb", "fullName": "tests.scenarios.test_prototype_and_parameter.TestPrototypeAndParameter#test_adding_checklist_activity_to_task_and_publish_prototype", "labels": [{"name": "tag", "value": "adding_checklist_activity_to_task_and_publish_prototype"}, {"name": "tag", "value": "add_activities"}, {"name": "tag", "value": "scenario"}, {"name": "parentSuite", "value": "tests.scenarios"}, {"name": "suite", "value": "test_prototype_and_parameter"}, {"name": "subSuite", "value": "TestPrototypeAndParameter"}, {"name": "host", "value": "ubuntu"}, {"name": "thread", "value": "49291-MainThread"}, {"name": "framework", "value": "pytest"}, {"name": "language", "value": "cpython3"}, {"name": "package", "value": "tests.scenarios.test_prototype_and_parameter"}], "links": [{"type": "link", "url": "https://app.clickup.com/t/85zu00mv3", "name": "https://app.clickup.com/t/85zu00mv3"}]}