{"name": "Test to add filters in resource parameter with value as existing parameter mapped to cjf", "status": "failed", "statusDetails": {"message": "AssertionError: Incorrect Password for Username: global.admin.02 and Password: $unDay123", "trace": "self = <test_prototype_and_parameter.TestPrototypeAndParameter object at 0x79c71f5a1d30>\n\n    @allure.title(\"Test to add filters in resource parameter with value as existing parameter mapped to cjf\")\n    @allure.description(\n        \"This testcase test adding filters in resource parameter mapped to cjf with value as existing parameter\"\n        \"mapped to cjf\")\n    @allure.link(\"https://app.clickup.com/t/85zu1b1v4\")\n    @pytest.mark.scenario\n    @pytest.mark.create_prototype\n    @pytest.mark.adding_cjf_parameters_as_value_in_filters\n    def test_adding_cjf_parameters_as_value_in_filters(self):\n>       properties = object_type_with_properties.test_create_object_type_properties()\n\ntests/scenarios/test_prototype_and_parameter.py:1006: \n_ _ _ _ _ _ _ _ _ _ _ _ _ _ _ _ _ _ _ _ _ _ _ _ _ _ _ _ _ _ _ _ _ _ _ _ _ _ _ _ _ _ _ _ _ _ _ _ _ _ _ _ _ _ _ _ _ _ _ _ _ _ _ _ _ _ _ _ _ _ _ _ _ _ _ _ _ _ _ _ _ _ _ _ _ _ _ _ _ _ _ _ _ _ _ _ _ _ _ _ _ _ _ _ _ _ _ _ _ _ _ _ _ _ \ntests/scenarios/ontology/test_object_property.py:24: in test_create_object_type_properties\n    display_name = object_types()\ntests/scenarios/ontology/test_object_types.py:21: in test_create_object_types\n    login(Env.get_env_data(\"QA_GLOBAL_ADMIN_USERNAME_01\"), Env.get_env_data(\"QA_GLOBAL_ADMIN_PASSWORD_01\"))\ntests/unit/login_logout/login_logout.py:21: in login\n    status_200(response, \"Incorrect Password for Username: \" + user_name + \" and Password: \" + password)\n_ _ _ _ _ _ _ _ _ _ _ _ _ _ _ _ _ _ _ _ _ _ _ _ _ _ _ _ _ _ _ _ _ _ _ _ _ _ _ _ _ _ _ _ _ _ _ _ _ _ _ _ _ _ _ _ _ _ _ _ _ _ _ _ _ _ _ _ _ _ _ _ _ _ _ _ _ _ _ _ _ _ _ _ _ _ _ _ _ _ _ _ _ _ _ _ _ _ _ _ _ _ _ _ _ _ _ _ _ _ _ _ _ _ \n\nresponse = <Response [500]>, message = 'Incorrect Password for Username: global.admin.02 and Password: $unDay123'\n\n    def status_200(response, message=None):\n        if message is None:\n            message = response.text\n>       assert response.status_code == 200, message\nE       AssertionError: Incorrect Password for Username: global.admin.02 and Password: $unDay123\n\nutil/validate_response.py:4: AssertionError"}, "description": "This testcase test adding filters in resource parameter mapped to cjf with value as existing parametermapped to cjf", "start": 1733749551845, "stop": 1733749581941, "uuid": "7e8231b1-09aa-41b2-af30-ba8987de1dc1", "historyId": "a80a850499b62793c785fc10fadb3b37", "testCaseId": "4d29b5529f4c890765cc1859c786283f", "fullName": "tests.scenarios.test_prototype_and_parameter.TestPrototypeAndParameter#test_adding_cjf_parameters_as_value_in_filters", "labels": [{"name": "tag", "value": "adding_cjf_parameters_as_value_in_filters"}, {"name": "tag", "value": "create_prototype"}, {"name": "tag", "value": "scenario"}, {"name": "parentSuite", "value": "tests.scenarios"}, {"name": "suite", "value": "test_prototype_and_parameter"}, {"name": "subSuite", "value": "TestPrototypeAndParameter"}, {"name": "host", "value": "ubuntu"}, {"name": "thread", "value": "49291-MainThread"}, {"name": "framework", "value": "pytest"}, {"name": "language", "value": "cpython3"}, {"name": "package", "value": "tests.scenarios.test_prototype_and_parameter"}], "links": [{"type": "link", "url": "https://app.clickup.com/t/85zu1b1v4", "name": "https://app.clickup.com/t/85zu1b1v4"}]}