{"name": "Test to validate audit logs for multi select parameter execution", "status": "failed", "statusDetails": {"message": "AssertionError: [{\"id\":null,\"userId\":\"1701115962\",\"userGroupId\":null,\"type\":\"rate-limit.exceeded\",\"code\":\"E1050\",\"message\":\"Too Many Requests, Rate Limit Exceeded. Please try after sometime\",\"errorInfo\":null}]", "trace": "self = <test_audits_of_parameter_execution.TestJobActionAuditLogs object at 0x7af822018920>\nprocess_creation = {'calculation-1': 'calculation-1', 'date_param': 'date-1', 'date_time_param': 'date_time-1', 'display_name': 'Auto_object_type_display_name_167667', ...}\n\n    @allure.title(\"Test to validate audit logs for multi select parameter execution\")\n    @allure.description(\"This test is to validate the audit logs for multi select parameter execution\")\n    @allure.link(\"https://app.clickup.com/t/86cuugx3t\")\n    @pytest.mark.scenario\n    @pytest.mark.job_audits\n    @pytest.mark.validate_audit_logs_of_multi_select_parameter_execution\n    def test_validate_audit_logs_of_multi_select_parameter_execution(self, process_creation):\n        login(Env.get_env_data(\"QA_PUBLISHER_USERNAME_01\"), Env.get_env_data(\"QA_PUBLISHER_PASSWORD_01\"))\n        select_facility(const.FACILITY_NAME)\n        select_usecase(const.USECASE_NAME)\n        self.job_obj.create_job()\n>       self.job_obj.assign_jobs_to_user(users_list=[Env.get_env_data(\"QA_PUBLISHER_USERNAME_01\")])\n\ntests/scenarios/job_audits/test_audits_of_parameter_execution.py:272: \n_ _ _ _ _ _ _ _ _ _ _ _ _ _ _ _ _ _ _ _ _ _ _ _ _ _ _ _ _ _ _ _ _ _ _ _ _ _ _ _ _ _ _ _ _ _ _ _ _ _ _ _ _ _ _ _ _ _ _ _ _ _ _ _ _ _ _ _ _ _ _ _ _ _ _ _ _ _ _ _ _ _ _ _ _ _ _ _ _ _ _ _ _ _ _ _ _ _ _ _ _ _ _ _ _ _ _ _ _ _ _ _ _ _ \ntests/unit/execution/jobs.py:268: in assign_jobs_to_user\n    status_200(response)\n_ _ _ _ _ _ _ _ _ _ _ _ _ _ _ _ _ _ _ _ _ _ _ _ _ _ _ _ _ _ _ _ _ _ _ _ _ _ _ _ _ _ _ _ _ _ _ _ _ _ _ _ _ _ _ _ _ _ _ _ _ _ _ _ _ _ _ _ _ _ _ _ _ _ _ _ _ _ _ _ _ _ _ _ _ _ _ _ _ _ _ _ _ _ _ _ _ _ _ _ _ _ _ _ _ _ _ _ _ _ _ _ _ _ \n\nresponse = <Response [429]>\nmessage = '[{\"id\":null,\"userId\":\"1701115962\",\"userGroupId\":null,\"type\":\"rate-limit.exceeded\",\"code\":\"E1050\",\"message\":\"Too Many Requests, Rate Limit Exceeded. Please try after sometime\",\"errorInfo\":null}]'\n\n    def status_200(response, message=None):\n        if message is None:\n            message = response.text\n>       assert response.status_code == 200, message\nE       AssertionError: [{\"id\":null,\"userId\":\"1701115962\",\"userGroupId\":null,\"type\":\"rate-limit.exceeded\",\"code\":\"E1050\",\"message\":\"Too Many Requests, Rate Limit Exceeded. Please try after sometime\",\"errorInfo\":null}]\n\nutil/validate_response.py:4: AssertionError"}, "description": "This test is to validate the audit logs for multi select parameter execution", "start": 1733505086820, "stop": 1733505088020, "uuid": "a4a330d7-1f0d-4f4d-91d1-1f832e847af9", "historyId": "21de6c4c5c7eafb69b1b846f0eab9f52", "testCaseId": "f051c2475a2ba7c12231ee346825d8cc", "fullName": "tests.scenarios.job_audits.test_audits_of_parameter_execution.TestJobActionAuditLogs#test_validate_audit_logs_of_multi_select_parameter_execution", "labels": [{"name": "tag", "value": "validate_audit_logs_of_multi_select_parameter_execution"}, {"name": "tag", "value": "job_audits"}, {"name": "tag", "value": "scenario"}, {"name": "tag", "value": "job"}, {"name": "parentSuite", "value": "tests.scenarios.job_audits"}, {"name": "suite", "value": "test_audits_of_parameter_execution"}, {"name": "subSuite", "value": "TestJobActionAuditLogs"}, {"name": "host", "value": "ubuntu"}, {"name": "thread", "value": "29333-MainThread"}, {"name": "framework", "value": "pytest"}, {"name": "language", "value": "cpython3"}, {"name": "package", "value": "tests.scenarios.job_audits.test_audits_of_parameter_execution"}], "links": [{"type": "link", "url": "https://app.clickup.com/t/86cuugx3t", "name": "https://app.clickup.com/t/86cuugx3t"}]}