{"name": "This test case is to validate that audit logs for object creation", "status": "failed", "statusDetails": {"message": "AssertionError", "trace": "@allure.title(\"This test case is to validate that audit logs for object creation\")\n    @allure.description(\"This test case is to validate that audit logs for object creation\")\n    @allure.link(\"\")\n    @pytest.mark.scenario12\n    @pytest.mark.ontology\n    @pytest.mark.ontology_audit_logs\n    @pytest.mark.audit_logs_for_object_creation\n    def test_audit_logs_for_object_creation():\n        properties_01 = create_object_types_properties()\n>       object_data, display_name = test_create_objects(\n            {properties_01[\"title_display_name\"]: \"object_01\",\n             properties_01[\"single_line_property\"]: \"single_line\",\n             properties_01[\"multi_line_property\"]: \"multi_line\",\n             properties_01[\"number_property\"]: \"01\",\n             properties_01[\"multi_select_property\"]: [\n                 properties_01[\"multi_select_option\"]],\n             properties_01[\"single_select_property\"]: properties_01[\n                 \"single_select_option\"],\n             properties_01[\"date_property\"]: \"12-12-2012\",\n             properties_01[\"date_time_property\"]: datetime.now().strftime(\"%d-%m-%Y %H:%M\")},\n            properties_01[\"display_name\"], False)\n\ntests/scenarios/ontology/test_object.py:385: \n_ _ _ _ _ _ _ _ _ _ _ _ _ _ _ _ _ _ _ _ _ _ _ _ _ _ _ _ _ _ _ _ _ _ _ _ _ _ _ _ _ _ _ _ _ _ _ _ _ _ _ _ _ _ _ _ _ _ _ _ _ _ _ _ _ _ _ _ _ _ _ _ _ _ _ _ _ _ _ _ _ _ _ _ _ _ _ _ _ _ _ _ _ _ _ _ _ _ _ _ _ _ _ _ _ _ _ _ _ _\ntests/scenarios/ontology/test_object.py:39: in test_create_objects\n    response = create_objects(display_name, objects_inputs, random_data, reason)\ntests/unit/ontology/objects.py:158: in create_objects\n    if not status_200(response):\n_ _ _ _ _ _ _ _ _ _ _ _ _ _ _ _ _ _ _ _ _ _ _ _ _ _ _ _ _ _ _ _ _ _ _ _ _ _ _ _ _ _ _ _ _ _ _ _ _ _ _ _ _ _ _ _ _ _ _ _ _ _ _ _ _ _ _ _ _ _ _ _ _ _ _ _ _ _ _ _ _ _ _ _ _ _ _ _ _ _ _ _ _ _ _ _ _ _ _ _ _ _ _ _ _ _ _ _ _ _\n\nresponse = <Response [500]>, message = ''\n\n    def status_200(response, message=None):\n        if message is None:\n            message = response.text\n>       assert response.status_code == 200, message\nE       AssertionError\n\nutil/validate_response.py:4: AssertionError"}, "description": "This test case is to validate that audit logs for object creation", "start": 1733735166491, "stop": 1733735171843, "uuid": "50f18fd4-d52c-4477-bfa2-66406e0590ed", "historyId": "ec0c40f647e60056babdb83c005e9c74", "testCaseId": "63d5c7d398af95dee506a0cbb510bb5d", "fullName": "tests.scenarios.ontology.test_object#test_audit_logs_for_object_creation", "labels": [{"name": "tag", "value": "audit_logs_for_object_creation"}, {"name": "tag", "value": "ontology_audit_logs"}, {"name": "tag", "value": "ontology"}, {"name": "tag", "value": "scenario12"}, {"name": "parentSuite", "value": "tests.scenarios.ontology"}, {"name": "suite", "value": "test_object"}, {"name": "host", "value": "ubuntu"}, {"name": "thread", "value": "20301-MainThread"}, {"name": "framework", "value": "pytest"}, {"name": "language", "value": "cpython3"}, {"name": "package", "value": "tests.scenarios.ontology.test_object"}], "links": [{"type": "link"}]}