{"name": "Test to search a process through process name in prototype", "status": "failed", "statusDetails": {"message": "AssertionError: Incorrect Password for Username: facility.admin.03 and Password: $unDay123", "trace": "self = <test_processes.TestProcess object at 0x79c71f57fe00>\n\n    @allure.title(\"Test to search a process through process name in prototype\")\n    @allure.description(\"This test case tests searching a process through process name in prototype\")\n    @allure.link(\"https://app.clickup.com/t/86cujxwjg\")\n    @pytest.mark.scenario\n    @pytest.mark.search_process_name_prototype\n    def test_search_process_name_prototype(self):\n>       self.process_obj.test_recall_prototype_submitted_for_review()\n\ntests/scenarios/test_processes.py:138: \n_ _ _ _ _ _ _ _ _ _ _ _ _ _ _ _ _ _ _ _ _ _ _ _ _ _ _ _ _ _ _ _ _ _ _ _ _ _ _ _ _ _ _ _ _ _ _ _ _ _ _ _ _ _ _ _ _ _ _ _ _ _ _ _ _ _ _ _ _ _ _ _ _ _ _ _ _ _ _ _ _ _ _ _ _ _ _ _ _ _ _ _ _ _ _ _ _ _ _ _ _ _ _ _ _ _ _ _ _ _\ntests/scenarios/test_prototype_and_parameter.py:6155: in test_recall_prototype_submitted_for_review\n    login(Env.get_env_data(\"QA_ADMIN_USERNAME_01\"), Env.get_env_data(\"QA_ADMIN_PASSWORD_01\"))\ntests/unit/login_logout/login_logout.py:21: in login\n    status_200(response, \"Incorrect Password for Username: \" + user_name + \" and Password: \" + password)\n_ _ _ _ _ _ _ _ _ _ _ _ _ _ _ _ _ _ _ _ _ _ _ _ _ _ _ _ _ _ _ _ _ _ _ _ _ _ _ _ _ _ _ _ _ _ _ _ _ _ _ _ _ _ _ _ _ _ _ _ _ _ _ _ _ _ _ _ _ _ _ _ _ _ _ _ _ _ _ _ _ _ _ _ _ _ _ _ _ _ _ _ _ _ _ _ _ _ _ _ _ _ _ _ _ _ _ _ _ _\n\nresponse = <Response [500]>, message = 'Incorrect Password for Username: facility.admin.03 and Password: $unDay123'\n\n    def status_200(response, message=None):\n        if message is None:\n            message = response.text\n>       assert response.status_code == 200, message\nE       AssertionError: Incorrect Password for Username: facility.admin.03 and Password: $unDay123\n\nutil/validate_response.py:4: AssertionError"}, "description": "This test case tests searching a process through process name in prototype", "start": 1733749069261, "stop": 1733749099355, "uuid": "6be3727e-2311-4898-ba75-31eb09880aec", "historyId": "db32b411e4edec46441a9d3e7de7af88", "testCaseId": "c878011df97389816301186a6c90bb59", "fullName": "tests.scenarios.test_processes.TestProcess#test_search_process_name_prototype", "labels": [{"name": "tag", "value": "search_process_name_prototype"}, {"name": "tag", "value": "scenario"}, {"name": "parentSuite", "value": "tests.scenarios"}, {"name": "suite", "value": "test_processes"}, {"name": "subSuite", "value": "TestProcess"}, {"name": "host", "value": "ubuntu"}, {"name": "thread", "value": "49291-MainThread"}, {"name": "framework", "value": "pytest"}, {"name": "language", "value": "cpython3"}, {"name": "package", "value": "tests.scenarios.test_processes"}], "links": [{"type": "link", "url": "https://app.clickup.com/t/86cujxwjg", "name": "https://app.clickup.com/t/86cujxwjg"}]}