{"name": "Test to validate the error when only single reviewer is assigned to the checklist", "status": "failed", "statusDetails": {"message": "AssertionError: Incorrect Password for Username: facility.admin.03 and Password: $unDay123", "trace": "self = <test_prototype_and_parameter.TestPrototypeAndParameter object at 0x79c71f5a2510>\n\n    @allure.title(\"Test to validate the error when only single reviewer is assigned to the checklist\")\n    @allure.description(\"This test case tests the error when only single reviewer is assigned to the checklist\")\n    @allure.link(\"https://app.clickup.com/t/85zttkq6v\")\n    @pytest.mark.scenario\n    @pytest.mark.prototype_validation\n    @pytest.mark.validate_error_when_single_reviewer_assigned\n    def test_validate_error_when_single_reviewer_assigned(self):\n>       login(Env.get_env_data(\"QA_ADMIN_USERNAME_01\"), Env.get_env_data(\"QA_ADMIN_PASSWORD_01\"))\n\ntests/scenarios/test_prototype_and_parameter.py:1128: \n_ _ _ _ _ _ _ _ _ _ _ _ _ _ _ _ _ _ _ _ _ _ _ _ _ _ _ _ _ _ _ _ _ _ _ _ _ _ _ _ _ _ _ _ _ _ _ _ _ _ _ _ _ _ _ _ _ _ _ _ _ _ _ _ _ _ _ _ _ _ _ _ _ _ _ _ _ _ _ _ _ _ _ _ _ _ _ _ _ _ _ _ _ _ _ _ _ _ _ _ _ _ _ _ _ _ _ _ _ _ _ _ _ _ \ntests/unit/login_logout/login_logout.py:21: in login\n    status_200(response, \"Incorrect Password for Username: \" + user_name + \" and Password: \" + password)\n_ _ _ _ _ _ _ _ _ _ _ _ _ _ _ _ _ _ _ _ _ _ _ _ _ _ _ _ _ _ _ _ _ _ _ _ _ _ _ _ _ _ _ _ _ _ _ _ _ _ _ _ _ _ _ _ _ _ _ _ _ _ _ _ _ _ _ _ _ _ _ _ _ _ _ _ _ _ _ _ _ _ _ _ _ _ _ _ _ _ _ _ _ _ _ _ _ _ _ _ _ _ _ _ _ _ _ _ _ _ _ _ _ _ \n\nresponse = <Response [500]>, message = 'Incorrect Password for Username: facility.admin.03 and Password: $unDay123'\n\n    def status_200(response, message=None):\n        if message is None:\n            message = response.text\n>       assert response.status_code == 200, message\nE       AssertionError: Incorrect Password for Username: facility.admin.03 and Password: $unDay123\n\nutil/validate_response.py:4: AssertionError"}, "description": "This test case tests the error when only single reviewer is assigned to the checklist", "start": 1733749642316, "stop": 1733749672412, "uuid": "eeea9faf-567f-4895-bf9b-20d4ddef2147", "historyId": "7bdd93e8a84a9f26c5752739421d58ce", "testCaseId": "c28611464666d8e7ca3a4be693677f6c", "fullName": "tests.scenarios.test_prototype_and_parameter.TestPrototypeAndParameter#test_validate_error_when_single_reviewer_assigned", "labels": [{"name": "tag", "value": "validate_error_when_single_reviewer_assigned"}, {"name": "tag", "value": "prototype_validation"}, {"name": "tag", "value": "scenario"}, {"name": "parentSuite", "value": "tests.scenarios"}, {"name": "suite", "value": "test_prototype_and_parameter"}, {"name": "subSuite", "value": "TestPrototypeAndParameter"}, {"name": "host", "value": "ubuntu"}, {"name": "thread", "value": "49291-MainThread"}, {"name": "framework", "value": "pytest"}, {"name": "language", "value": "cpython3"}, {"name": "package", "value": "tests.scenarios.test_prototype_and_parameter"}], "links": [{"type": "link", "url": "https://app.clickup.com/t/85zttkq6v", "name": "https://app.clickup.com/t/85zttkq6v"}]}