{"name": "This test case is to validate archive object in audit logs", "status": "failed", "statusDetails": {"message": "AssertionError: Auto_single_line_value_397397  not found in object Auto_object_type_display_name_463865", "trace": "@allure.title(\"This test case is to validate archive object in audit logs\")\n    @allure.description(\"This test case is to validate archive object in audit logs\")\n    @allure.link(\"https://app.clickup.com/t/86cvfgv69\")\n    @pytest.mark.scenario\n    @pytest.mark.ontology\n    @pytest.mark.ontology_audit_logs\n    @pytest.mark.validate_audit_log_archive_object\n    def test_validate_audit_log_archive_object():\n        object_data = test_create_objects()\n        object_display_name = object_data[1]\n        plural_display_name = object_data[0][\"collection\"]\n        title_property_display_name = object_data[0][\"properties\"][0][\"value\"]\n        login(Env.get_env_data(\"QA_PUBLISHER_USERNAME_01\"), Env.get_env_data(\"QA_PUBLISHER_PASSWORD_01\"))\n>       un_archive_object(object_display_name, plural_display_name, title_property_display_name)\n\ntests/scenarios/ontology/test_object.py:713: \n_ _ _ _ _ _ _ _ _ _ _ _ _ _ _ _ _ _ _ _ _ _ _ _ _ _ _ _ _ _ _ _ _ _ _ _ _ _ _ _ _ _ _ _ _ _ _ _ _ _ _ _ _ _ _ _ _ _ _ _ _ _ _ _ _ _ _ _ _ _ _ _ _ _ _ _ _ _ _ _ _ _ _ _ _ _ _ _ _ _ _ _ _ _ _ _ _ _ _ _ _ _ _ _ _ _ _ _ _ _ _ _ _ _ \n\nobject_display_name = 'Auto_object_type_display_name_463865', plural_display_name = 'auto_object_type_plural_name_441405', title_property_display_name = 'Auto_single_line_value_397397', reason = 'test unarchive'\n\n    def un_archive_object(object_display_name, plural_display_name, title_property_display_name, reason=\"test unarchive\"):\n        url = const.OBJECT\n        params = {\n            \"page\": 0,\n            \"size\": 10,\n            \"collection\": plural_display_name,\n            \"usageStatus\": 7\n        }\n        response = Request.get(url, params)\n        status_200(response)\n        response_json = response.json()\n        object_property_id = None\n        for item in response_json[\"data\"]:\n            if item[\"displayName\"] == title_property_display_name:\n                object_property_id = item[\"id\"]\n                break\n        if not object_property_id:\n>           raise AssertionError(f\"{title_property_display_name}  not found in object {object_display_name}\")\nE           AssertionError: Auto_single_line_value_397397  not found in object Auto_object_type_display_name_463865\n\ntests/unit/ontology/objects.py:309: AssertionError"}, "description": "This test case is to validate archive object in audit logs", "start": 1733768219740, "stop": 1733768226103, "uuid": "1ebed7b5-eb79-4a28-9e70-e674a4717a15", "historyId": "3dd5aa55d33543238a1a28abe58474ef", "testCaseId": "cf9fa780f4787a4d6cfc25138f92d56a", "fullName": "tests.scenarios.ontology.test_object#test_validate_audit_log_archive_object", "labels": [{"name": "tag", "value": "validate_audit_log_archive_object"}, {"name": "tag", "value": "ontology_audit_logs"}, {"name": "tag", "value": "ontology"}, {"name": "tag", "value": "scenario"}, {"name": "parentSuite", "value": "tests.scenarios.ontology"}, {"name": "suite", "value": "test_object"}, {"name": "host", "value": "ubuntu"}, {"name": "thread", "value": "53959-MainThread"}, {"name": "framework", "value": "pytest"}, {"name": "language", "value": "cpython3"}, {"name": "package", "value": "tests.scenarios.ontology.test_object"}], "links": [{"type": "link", "url": "https://app.clickup.com/t/86cvfgv69", "name": "https://app.clickup.com/t/86cvfgv69"}]}