{"name": "Test to add parameters with self verification enabled", "status": "failed", "statusDetails": {"message": "AssertionError: Incorrect Password for Username: global.admin.02 and Password: $unDay123", "trace": "self = <test_prototype_and_parameter.TestPrototypeAndParameter object at 0x79c71f5a0ec0>\n\n    @allure.title(\"Test to add parameters with self verification enabled\")\n    @allure.description(\n        \"This test case tests adding all parameters to the prototype with self parameter verification enabled and publish \"\n        \"it\")\n    @allure.link(\"https://app.clickup.com/t/85zttkjcm\")\n    @pytest.mark.scenario\n    @pytest.mark.create_prototype\n    @pytest.mark.adding_all_parameters_with_self_verification_enabled\n    def test_adding_all_parameters_with_self_parameter_verification_enabled(self):\n>       object_data, display_name = object_type_objects.test_create_objects()\n\ntests/scenarios/test_prototype_and_parameter.py:433: \n_ _ _ _ _ _ _ _ _ _ _ _ _ _ _ _ _ _ _ _ _ _ _ _ _ _ _ _ _ _ _ _ _ _ _ _ _ _ _ _ _ _ _ _ _ _ _ _ _ _ _ _ _ _ _ _ _ _ _ _ _ _ _ _ _ _ _ _ _ _ _ _ _ _ _ _ _ _ _ _ _ _ _ _ _ _ _ _ _ _ _ _ _ _ _ _ _ _ _ _ _ _ _ _ _ _ _ _ _ _ _ _ _ _ \ntests/scenarios/ontology/test_object.py:33: in test_create_objects\n    display_name = create_object_types_properties().get(\"display_name\", None)\ntests/scenarios/ontology/test_object_property.py:24: in test_create_object_type_properties\n    display_name = object_types()\ntests/scenarios/ontology/test_object_types.py:21: in test_create_object_types\n    login(Env.get_env_data(\"QA_GLOBAL_ADMIN_USERNAME_01\"), Env.get_env_data(\"QA_GLOBAL_ADMIN_PASSWORD_01\"))\ntests/unit/login_logout/login_logout.py:21: in login\n    status_200(response, \"Incorrect Password for Username: \" + user_name + \" and Password: \" + password)\n_ _ _ _ _ _ _ _ _ _ _ _ _ _ _ _ _ _ _ _ _ _ _ _ _ _ _ _ _ _ _ _ _ _ _ _ _ _ _ _ _ _ _ _ _ _ _ _ _ _ _ _ _ _ _ _ _ _ _ _ _ _ _ _ _ _ _ _ _ _ _ _ _ _ _ _ _ _ _ _ _ _ _ _ _ _ _ _ _ _ _ _ _ _ _ _ _ _ _ _ _ _ _ _ _ _ _ _ _ _ _ _ _ _ \n\nresponse = <Response [500]>, message = 'Incorrect Password for Username: global.admin.02 and Password: $unDay123'\n\n    def status_200(response, message=None):\n        if message is None:\n            message = response.text\n>       assert response.status_code == 200, message\nE       AssertionError: Incorrect Password for Username: global.admin.02 and Password: $unDay123\n\nutil/validate_response.py:4: AssertionError"}, "description": "This test case tests adding all parameters to the prototype with self parameter verification enabled and publish it", "start": 1733749280391, "stop": 1733749310516, "uuid": "426cba7f-c225-4a91-827b-4b581abdb1f0", "historyId": "b1c5c1876f85bf396bb484c5367893d0", "testCaseId": "f1c341c57787905f4dc3a22b56d067e7", "fullName": "tests.scenarios.test_prototype_and_parameter.TestPrototypeAndParameter#test_adding_all_parameters_with_self_parameter_verification_enabled", "labels": [{"name": "tag", "value": "adding_all_parameters_with_self_verification_enabled"}, {"name": "tag", "value": "create_prototype"}, {"name": "tag", "value": "scenario"}, {"name": "parentSuite", "value": "tests.scenarios"}, {"name": "suite", "value": "test_prototype_and_parameter"}, {"name": "subSuite", "value": "TestPrototypeAndParameter"}, {"name": "host", "value": "ubuntu"}, {"name": "thread", "value": "49291-MainThread"}, {"name": "framework", "value": "pytest"}, {"name": "language", "value": "cpython3"}, {"name": "package", "value": "tests.scenarios.test_prototype_and_parameter"}], "links": [{"type": "link", "url": "https://app.clickup.com/t/85zttkjcm", "name": "https://app.clickup.com/t/85zttkjcm"}]}