{"name": "Test to verify that user get error when criteria type validation on number parameter breached after re running validation", "status": "failed", "statusDetails": {"message": "AssertionError", "trace": "self = <test_number_parameter_exception_management_execution.TestNumberParameterExceptionManagementExecution object at 0x7af8221a68a0>\nuser_group_creation = 'Auto_Test_user_group_TestNumberParameterExceptionManagementExecution_760', job_execution_by = 'user_group', users_list = []\n\n    @allure.title(\"Test to verify that user get error when criteria type validation on number parameter breached after \"\n                  \"re running validation\")\n    @allure.description(\n        \"This test case validates the defined error when criteria type validation with parameterized value \"\n        \"is breached after re running validation\")\n    @allure.link(\"https://app.clickup.com/t/86cvzp0y0\")\n    @pytest.mark.scenario\n    @pytest.mark.job\n    @pytest.mark.exception_management_workflow\n    @pytest.mark.validate_error_on_number_param_after_revalidation_parameterized_value\n    @pytest.mark.parametrize(\"job_execution_by, users_list\", [(\"user\", [Env.get_env_data(\"QA_PUBLISHER_USERNAME_01\")]),\n                                                              (\"user_group\", [])])\n    def test_validate_error_on_number_param_after_revalidation_parameterized_value(self, user_group_creation,\n                                                                                   job_execution_by,\n                                                                                   users_list):\n>       process_data = self.process_obj.test_add_number_parameter_with_criteria_type_validation_halt_parameter_condition_and_parameterized_value()\n\ntests/scenarios/job/test_number_parameter_exception_management_execution.py:379: \n_ _ _ _ _ _ _ _ _ _ _ _ _ _ _ _ _ _ _ _ _ _ _ _ _ _ _ _ _ _ _ _ _ _ _ _ _ _ _ _ _ _ _ _ _ _ _ _ _ _ _ _ _ _ _ _ _ _ _ _ _ _ _ _ _ _ _ _ _ _ _ _ _ _ _ _ _ _ _ _ _ _ _ _ _ _ _ _ _ _ _ _ _ _ _ _ _ _ _ _ _ _ _ _ _ _ _ _ _ _ _ _ _ _ \ntests/scenarios/test_number_parameter_exception_management.py:299: in test_add_number_parameter_with_criteria_type_validation_halt_parameter_condition_and_parameterized_value\n    validate_checklist()\ntests/unit/prototyping/process.py:186: in validate_checklist\n    status_200(response)\n_ _ _ _ _ _ _ _ _ _ _ _ _ _ _ _ _ _ _ _ _ _ _ _ _ _ _ _ _ _ _ _ _ _ _ _ _ _ _ _ _ _ _ _ _ _ _ _ _ _ _ _ _ _ _ _ _ _ _ _ _ _ _ _ _ _ _ _ _ _ _ _ _ _ _ _ _ _ _ _ _ _ _ _ _ _ _ _ _ _ _ _ _ _ _ _ _ _ _ _ _ _ _ _ _ _ _ _ _ _ _ _ _ _ \n\nresponse = <Response [500]>, message = ''\n\n    def status_200(response, message=None):\n        if message is None:\n            message = response.text\n>       assert response.status_code == 200, message\nE       AssertionError\n\nutil/validate_response.py:4: AssertionError"}, "description": "This test case validates the defined error when criteria type validation with parameterized value is breached after re running validation", "parameters": [{"name": "job_execution_by", "value": "'user_group'"}, {"name": "users_list", "value": "[]"}], "start": 1733499679418, "stop": 1733499680809, "uuid": "65f89713-fdbd-49cf-b154-487f406cfb79", "historyId": "8f4baf0208c691855ee7d54e2e7d2c9a", "testCaseId": "b1fff4c6bdd24c96a9eae29bb7b471af", "fullName": "tests.scenarios.job.test_number_parameter_exception_management_execution.TestNumberParameterExceptionManagementExecution#test_validate_error_on_number_param_after_revalidation_parameterized_value", "labels": [{"name": "tag", "value": "validate_error_on_number_param_after_revalidation_parameterized_value"}, {"name": "tag", "value": "exception_management_workflow"}, {"name": "tag", "value": "job"}, {"name": "tag", "value": "scenario"}, {"name": "parentSuite", "value": "tests.scenarios.job"}, {"name": "suite", "value": "test_number_parameter_exception_management_execution"}, {"name": "subSuite", "value": "TestNumberParameterExceptionManagementExecution"}, {"name": "host", "value": "ubuntu"}, {"name": "thread", "value": "29333-MainThread"}, {"name": "framework", "value": "pytest"}, {"name": "language", "value": "cpython3"}, {"name": "package", "value": "tests.scenarios.job.test_number_parameter_exception_management_execution"}], "links": [{"type": "link", "url": "https://app.clickup.com/t/86cvzp0y0", "name": "https://app.clickup.com/t/86cvzp0y0"}]}