{"name": "Test to unarchive a prototype", "status": "failed", "statusDetails": {"message": "AssertionError: Incorrect Password for Username: facility.admin.03 and Password: $unDay123", "trace": "self = <test_processes.TestProcess object at 0x79c71f57f4d0>\n\n    @allure.title(\"Test to unarchive a prototype\")\n    @allure.description(\"This test case tests unarchiving a prototype\")\n    @allure.link(\"https://app.clickup.com/t/85zttrrvk\")\n    @pytest.mark.scenario\n    @pytest.mark.archives_unarchives\n    @pytest.mark.unarchiving_prototype\n    def test_unarchiving_prototype(self):\n>       self.test_archiving_prototype()\n\ntests/scenarios/test_processes.py:83: \n_ _ _ _ _ _ _ _ _ _ _ _ _ _ _ _ _ _ _ _ _ _ _ _ _ _ _ _ _ _ _ _ _ _ _ _ _ _ _ _ _ _ _ _ _ _ _ _ _ _ _ _ _ _ _ _ _ _ _ _ _ _ _ _ _ _ _ _ _ _ _ _ _ _ _ _ _ _ _ _ _ _ _ _ _ _ _ _ _ _ _ _ _ _ _ _ _ _ _ _ _ _ _ _ _ _ _ _ _ _\ntests/scenarios/test_processes.py:59: in test_archiving_prototype\n    login(Env.get_env_data(\"QA_ADMIN_USERNAME_01\"), Env.get_env_data(\"QA_ADMIN_PASSWORD_01\"))\ntests/unit/login_logout/login_logout.py:21: in login\n    status_200(response, \"Incorrect Password for Username: \" + user_name + \" and Password: \" + password)\n_ _ _ _ _ _ _ _ _ _ _ _ _ _ _ _ _ _ _ _ _ _ _ _ _ _ _ _ _ _ _ _ _ _ _ _ _ _ _ _ _ _ _ _ _ _ _ _ _ _ _ _ _ _ _ _ _ _ _ _ _ _ _ _ _ _ _ _ _ _ _ _ _ _ _ _ _ _ _ _ _ _ _ _ _ _ _ _ _ _ _ _ _ _ _ _ _ _ _ _ _ _ _ _ _ _ _ _ _ _\n\nresponse = <Response [500]>, message = 'Incorrect Password for Username: facility.admin.03 and Password: $unDay123'\n\n    def status_200(response, message=None):\n        if message is None:\n            message = response.text\n>       assert response.status_code == 200, message\nE       AssertionError: Incorrect Password for Username: facility.admin.03 and Password: $unDay123\n\nutil/validate_response.py:4: AssertionError"}, "description": "This test case tests unarchiving a prototype", "start": 1733748948665, "stop": 1733748978774, "uuid": "999cfe37-fe80-41b0-a1f7-90e3dd1abd76", "historyId": "698e901499b347acb489ed62e631e88f", "testCaseId": "fa921407c5444eeb1fd80976a897111a", "fullName": "tests.scenarios.test_processes.TestProcess#test_unarchiving_prototype", "labels": [{"name": "tag", "value": "unarchiving_prototype"}, {"name": "tag", "value": "archives_unarchives"}, {"name": "tag", "value": "scenario"}, {"name": "parentSuite", "value": "tests.scenarios"}, {"name": "suite", "value": "test_processes"}, {"name": "subSuite", "value": "TestProcess"}, {"name": "host", "value": "ubuntu"}, {"name": "thread", "value": "49291-MainThread"}, {"name": "framework", "value": "pytest"}, {"name": "language", "value": "cpython3"}, {"name": "package", "value": "tests.scenarios.test_processes"}], "links": [{"type": "link", "url": "https://app.clickup.com/t/85zttrrvk", "name": "https://app.clickup.com/t/85zttrrvk"}]}