{"name": "Test to verify that user can initiate the exception approval workflow for number parameter with criteria type validation", "status": "failed", "statusDetails": {"message": "AssertionError", "trace": "self = <test_number_parameter_exception_management_execution.TestNumberParameterExceptionManagementExecution object at 0x7af8221a5850>\nuser_group_creation = 'Auto_Test_user_group_TestNumberParameterExceptionManagementExecution_760', job_execution_by = 'user_group', users_list = []\n\n    @allure.title(\n        \"Test to verify that user can initiate the exception approval workflow for number parameter with criteria \"\n        \"type validation\")\n    @allure.description(\n        \"This test case validates that user can initiate the exception approval workflow for number parameter with \"\n        \"criteria type validation with constant value\")\n    @allure.link(\"https://app.clickup.com/t/86cvh7uxk\")\n    @pytest.mark.scenario\n    @pytest.mark.job\n    @pytest.mark.exception_management_workflow\n    @pytest.mark.validate_exception_approval_workflow_on_criteria_type_validation_with_constant_value\n    @pytest.mark.parametrize(\"job_execution_by, users_list\", [\n        (\"user\", [Env.get_env_data(\"QA_PUBLISHER_USERNAME_01\"), Env.get_env_data(\"QA_PUBLISHER_USERNAME_02\")]),\n        (\"user_group\", [])])\n    def test_validate_exception_approval_workflow_on_criteria_type_validation_with_constant_value(self,\n                                                                                                  user_group_creation,\n                                                                                                  job_execution_by,\n                                                                                                  users_list):\n>       process_data = self.process_obj.test_add_number_parameter_with_criteria_type_validation_enabled_approval_flow_condition_and_constant_value()\n\ntests/scenarios/job/test_number_parameter_exception_management_execution.py:137: \n_ _ _ _ _ _ _ _ _ _ _ _ _ _ _ _ _ _ _ _ _ _ _ _ _ _ _ _ _ _ _ _ _ _ _ _ _ _ _ _ _ _ _ _ _ _ _ _ _ _ _ _ _ _ _ _ _ _ _ _ _ _ _ _ _ _ _ _ _ _ _ _ _ _ _ _ _ _ _ _ _ _ _ _ _ _ _ _ _ _ _ _ _ _ _ _ _ _ _ _ _ _ _ _ _ _ _ _ _ _ _ _ _ _ \ntests/scenarios/test_number_parameter_exception_management.py:259: in test_add_number_parameter_with_criteria_type_validation_enabled_approval_flow_condition_and_constant_value\n    validate_checklist()\ntests/unit/prototyping/process.py:186: in validate_checklist\n    status_200(response)\n_ _ _ _ _ _ _ _ _ _ _ _ _ _ _ _ _ _ _ _ _ _ _ _ _ _ _ _ _ _ _ _ _ _ _ _ _ _ _ _ _ _ _ _ _ _ _ _ _ _ _ _ _ _ _ _ _ _ _ _ _ _ _ _ _ _ _ _ _ _ _ _ _ _ _ _ _ _ _ _ _ _ _ _ _ _ _ _ _ _ _ _ _ _ _ _ _ _ _ _ _ _ _ _ _ _ _ _ _ _ _ _ _ _ \n\nresponse = <Response [500]>, message = ''\n\n    def status_200(response, message=None):\n        if message is None:\n            message = response.text\n>       assert response.status_code == 200, message\nE       AssertionError\n\nutil/validate_response.py:4: AssertionError"}, "description": "This test case validates that user can initiate the exception approval workflow for number parameter with criteria type validation with constant value", "parameters": [{"name": "job_execution_by", "value": "'user_group'"}, {"name": "users_list", "value": "[]"}], "start": 1733499670894, "stop": 1733499671911, "uuid": "b48f6533-9199-48c1-8241-6d4287af3271", "historyId": "384980c83798eb163998b2803cb59a48", "testCaseId": "ebb8abc08c104997c1526845e503fedf", "fullName": "tests.scenarios.job.test_number_parameter_exception_management_execution.TestNumberParameterExceptionManagementExecution#test_validate_exception_approval_workflow_on_criteria_type_validation_with_constant_value", "labels": [{"name": "tag", "value": "validate_exception_approval_workflow_on_criteria_type_validation_with_constant_value"}, {"name": "tag", "value": "exception_management_workflow"}, {"name": "tag", "value": "job"}, {"name": "tag", "value": "scenario"}, {"name": "parentSuite", "value": "tests.scenarios.job"}, {"name": "suite", "value": "test_number_parameter_exception_management_execution"}, {"name": "subSuite", "value": "TestNumberParameterExceptionManagementExecution"}, {"name": "host", "value": "ubuntu"}, {"name": "thread", "value": "29333-MainThread"}, {"name": "framework", "value": "pytest"}, {"name": "language", "value": "cpython3"}, {"name": "package", "value": "tests.scenarios.job.test_number_parameter_exception_management_execution"}], "links": [{"type": "link", "url": "https://app.clickup.com/t/86cvh7uxk", "name": "https://app.clickup.com/t/86cvh7uxk"}]}