{"name": "Test to add Create Object action type multi select dropdown mapping with load options after processrevision", "status": "failed", "statusDetails": {"message": "AssertionError: Incorrect Password for Username: global.admin.02 and Password: $unDay123", "trace": "self = <test_multi_select_load_options.TestMultiSelectDropdownOptions object at 0x79c71f57dfd0>\n\n    @allure.title(\"Test to add Create Object action type multi select dropdown mapping with load options after process\"\n                  \"revision\")\n    @allure.description(\"This test case tests adding Create Object action type multi select dropdown mapping with load\"\n                        \"options after process revision\")\n    @allure.link(\"https://app.clickup.com/t/86cvf7rya\")\n    @pytest.mark.scenario\n    @pytest.mark.create_prototype\n    @pytest.mark.task_action_automations\n    @pytest.mark.add_create_object_action_type_multi_select_dropdown_mapping_with_load_options_after_process_revision\n    def test_add_create_object_action_type_multi_select_dropdown_mapping_with_load_options_after_process_revision(\n            self):\n>       properties = object_type_with_properties.test_create_object_type_properties()\n\ntests/scenarios/test_multi_select_load_options.py:148: \n_ _ _ _ _ _ _ _ _ _ _ _ _ _ _ _ _ _ _ _ _ _ _ _ _ _ _ _ _ _ _ _ _ _ _ _ _ _ _ _ _ _ _ _ _ _ _ _ _ _ _ _ _ _ _ _ _ _ _ _ _ _ _ _ _ _ _ _ _ _ _ _ _ _ _ _ _ _ _ _ _ _ _ _ _ _ _ _ _ _ _ _ _ _ _ _ _ _ _ _ _ _ _ _ _ _ _ _ _ _\ntests/scenarios/ontology/test_object_property.py:24: in test_create_object_type_properties\n    display_name = object_types()\ntests/scenarios/ontology/test_object_types.py:21: in test_create_object_types\n    login(Env.get_env_data(\"QA_GLOBAL_ADMIN_USERNAME_01\"), Env.get_env_data(\"QA_GLOBAL_ADMIN_PASSWORD_01\"))\ntests/unit/login_logout/login_logout.py:21: in login\n    status_200(response, \"Incorrect Password for Username: \" + user_name + \" and Password: \" + password)\n_ _ _ _ _ _ _ _ _ _ _ _ _ _ _ _ _ _ _ _ _ _ _ _ _ _ _ _ _ _ _ _ _ _ _ _ _ _ _ _ _ _ _ _ _ _ _ _ _ _ _ _ _ _ _ _ _ _ _ _ _ _ _ _ _ _ _ _ _ _ _ _ _ _ _ _ _ _ _ _ _ _ _ _ _ _ _ _ _ _ _ _ _ _ _ _ _ _ _ _ _ _ _ _ _ _ _ _ _ _\n\nresponse = <Response [500]>, message = 'Incorrect Password for Username: global.admin.02 and Password: $unDay123'\n\n    def status_200(response, message=None):\n        if message is None:\n            message = response.text\n>       assert response.status_code == 200, message\nE       AssertionError: Incorrect Password for Username: global.admin.02 and Password: $unDay123\n\nutil/validate_response.py:4: AssertionError"}, "description": "This test case tests adding Create Object action type multi select dropdown mapping with loadoptions after process revision", "start": 1733748798078, "stop": 1733748828187, "uuid": "c7b8e265-df32-4bf4-a807-a79b0b035b45", "historyId": "d6f44e915caa18239ac3c3cb209b5b93", "testCaseId": "53081deef146c7c51ed62653219b2db9", "fullName": "tests.scenarios.test_multi_select_load_options.TestMultiSelectDropdownOptions#test_add_create_object_action_type_multi_select_dropdown_mapping_with_load_options_after_process_revision", "labels": [{"name": "tag", "value": "add_create_object_action_type_multi_select_dropdown_mapping_with_load_options_after_process_revision"}, {"name": "tag", "value": "task_action_automations"}, {"name": "tag", "value": "create_prototype"}, {"name": "tag", "value": "scenario"}, {"name": "parentSuite", "value": "tests.scenarios"}, {"name": "suite", "value": "test_multi_select_load_options"}, {"name": "subSuite", "value": "TestMultiSelectDropdownOptions"}, {"name": "host", "value": "ubuntu"}, {"name": "thread", "value": "49291-MainThread"}, {"name": "framework", "value": "pytest"}, {"name": "language", "value": "cpython3"}, {"name": "package", "value": "tests.scenarios.test_multi_select_load_options"}], "links": [{"type": "link", "url": "https://app.clickup.com/t/86cvf7rya", "name": "https://app.clickup.com/t/86cvf7rya"}]}