{"name": "Test to hide the parameters under stage and publish prototype", "status": "failed", "statusDetails": {"message": "AssertionError: Incorrect Password for Username: facility.admin.03 and Password: $unDay123", "trace": "self = <test_prototype_and_parameter.TestPrototypeAndParameter object at 0x79c71f5a3d10>\n\n    @allure.title(\"Test to hide the parameters under stage and publish prototype\")\n    @allure.description(\"This test case tests hiding the all the parameters under stage and publish the prototype\")\n    @allure.link(\"https://app.clickup.com/t/85zu3ryg9\")\n    @pytest.mark.scenario\n    @pytest.mark.create_prototype\n    @pytest.mark.hide_stage\n    def test_hide_stage(self):\n>       login(Env.get_env_data(\"QA_ADMIN_USERNAME_01\"), Env.get_env_data(\"QA_ADMIN_PASSWORD_01\"))\n\ntests/scenarios/test_prototype_and_parameter.py:1861: \n_ _ _ _ _ _ _ _ _ _ _ _ _ _ _ _ _ _ _ _ _ _ _ _ _ _ _ _ _ _ _ _ _ _ _ _ _ _ _ _ _ _ _ _ _ _ _ _ _ _ _ _ _ _ _ _ _ _ _ _ _ _ _ _ _ _ _ _ _ _ _ _ _ _ _ _ _ _ _ _ _ _ _ _ _ _ _ _ _ _ _ _ _ _ _ _ _ _ _ _ _ _ _ _ _ _ _ _ _ _ _ _ _ _ \ntests/unit/login_logout/login_logout.py:21: in login\n    status_200(response, \"Incorrect Password for Username: \" + user_name + \" and Password: \" + password)\n_ _ _ _ _ _ _ _ _ _ _ _ _ _ _ _ _ _ _ _ _ _ _ _ _ _ _ _ _ _ _ _ _ _ _ _ _ _ _ _ _ _ _ _ _ _ _ _ _ _ _ _ _ _ _ _ _ _ _ _ _ _ _ _ _ _ _ _ _ _ _ _ _ _ _ _ _ _ _ _ _ _ _ _ _ _ _ _ _ _ _ _ _ _ _ _ _ _ _ _ _ _ _ _ _ _ _ _ _ _ _ _ _ _ \n\nresponse = <Response [500]>, message = 'Incorrect Password for Username: facility.admin.03 and Password: $unDay123'\n\n    def status_200(response, message=None):\n        if message is None:\n            message = response.text\n>       assert response.status_code == 200, message\nE       AssertionError: Incorrect Password for Username: facility.admin.03 and Password: $unDay123\n\nutil/validate_response.py:4: AssertionError"}, "description": "This test case tests hiding the all the parameters under stage and publish the prototype", "start": 1733749913738, "stop": 1733749943833, "uuid": "759a4caf-434c-4e8c-9118-49b204253aa9", "historyId": "c502130c670a229c856bcbb13a0140d8", "testCaseId": "1bf41bde12d900c4e45c172b67f690fa", "fullName": "tests.scenarios.test_prototype_and_parameter.TestPrototypeAndParameter#test_hide_stage", "labels": [{"name": "tag", "value": "hide_stage"}, {"name": "tag", "value": "create_prototype"}, {"name": "tag", "value": "scenario"}, {"name": "parentSuite", "value": "tests.scenarios"}, {"name": "suite", "value": "test_prototype_and_parameter"}, {"name": "subSuite", "value": "TestPrototypeAndParameter"}, {"name": "host", "value": "ubuntu"}, {"name": "thread", "value": "49291-MainThread"}, {"name": "framework", "value": "pytest"}, {"name": "language", "value": "cpython3"}, {"name": "package", "value": "tests.scenarios.test_prototype_and_parameter"}], "links": [{"type": "link", "url": "https://app.clickup.com/t/85zu3ryg9", "name": "https://app.clickup.com/t/85zu3ryg9"}]}