{"name": "Test to add parameters with self verification enabled in global prototype", "status": "failed", "statusDetails": {"message": "AssertionError: {\"timestamp\":1733754273,\"object\":\"LIST\",\"status\":\"ERROR\",\"message\":\"error\",\"errors\":[{\"id\":\"Auto_object_type_display_name_47119\",\"userId\":null,\"userGroupId\":null,\"type\":\"bad.request\",\"code\":\"E1806\",\"message\":\"This name already exists, Please set a unique name for this object type\",\"errorInfo\":null}]}", "trace": "@allure.title(\"Test to add parameters with self verification enabled in global prototype\")\n    @allure.description(\"This test case tests adding all parameters in global prototype with self verification \"\n                        \"enabled and publish it\")\n    @allure.link(\"https://app.clickup.com/t/86cu0dzuf\")\n    @pytest.mark.scenario\n    @pytest.mark.create_global\n    @pytest.mark.global_prototype_adding_all_parameters_with_self_verification_enabled\n    def test_global_prototype_adding_all_parameters_with_self_verification_enabled():\n>       object_data, display_name = object_type_objects.test_create_objects()\n\ntests/scenarios/test_global_prototype.py:949: \n_ _ _ _ _ _ _ _ _ _ _ _ _ _ _ _ _ _ _ _ _ _ _ _ _ _ _ _ _ _ _ _ _ _ _ _ _ _ _ _ _ _ _ _ _ _ _ _ _ _ _ _ _ _ _ _ _ _ _ _ _ _ _ _ _ _ _ _ _ _ _ _ _ _ _ _ _ _ _ _ _ _ _ _ _ _ _ _ _ _ _ _ _ _ _ _ _ _ _ _ _ _ _ _ _ _ _ _ _ _ _ _ _ _ \ntests/scenarios/ontology/test_object.py:33: in test_create_objects\n    display_name = create_object_types_properties().get(\"display_name\", None)\ntests/scenarios/ontology/test_object_property.py:24: in test_create_object_type_properties\n    display_name = object_types()\ntests/scenarios/ontology/test_object_types.py:28: in test_create_object_types\n    status_200(response)\n_ _ _ _ _ _ _ _ _ _ _ _ _ _ _ _ _ _ _ _ _ _ _ _ _ _ _ _ _ _ _ _ _ _ _ _ _ _ _ _ _ _ _ _ _ _ _ _ _ _ _ _ _ _ _ _ _ _ _ _ _ _ _ _ _ _ _ _ _ _ _ _ _ _ _ _ _ _ _ _ _ _ _ _ _ _ _ _ _ _ _ _ _ _ _ _ _ _ _ _ _ _ _ _ _ _ _ _ _ _ _ _ _ _ \n\nresponse = <Response [400]>\nmessage = '{\"timestamp\":1733754273,\"object\":\"LIST\",\"status\":\"ERROR\",\"message\":\"error\",\"errors\":[{\"id\":\"Auto_object_type_display_...\"code\":\"E1806\",\"message\":\"This name already exists, Please set a unique name for this object type\",\"errorInfo\":null}]}'\n\n    def status_200(response, message=None):\n        if message is None:\n            message = response.text\n>       assert response.status_code == 200, message\nE       AssertionError: {\"timestamp\":1733754273,\"object\":\"LIST\",\"status\":\"ERROR\",\"message\":\"error\",\"errors\":[{\"id\":\"Auto_object_type_display_name_47119\",\"userId\":null,\"userGroupId\":null,\"type\":\"bad.request\",\"code\":\"E1806\",\"message\":\"This name already exists, Please set a unique name for this object type\",\"errorInfo\":null}]}\n\nutil/validate_response.py:4: AssertionError"}, "description": "This test case tests adding all parameters in global prototype with self verification enabled and publish it", "start": 1733754273118, "stop": 1733754273404, "uuid": "dfeeecf2-263b-4d02-9552-a8c00954881e", "historyId": "be3c258b64ee951f14533c8fbf883168", "testCaseId": "296a084d00c631d937fe4e014cc802fb", "fullName": "tests.scenarios.test_global_prototype#test_global_prototype_adding_all_parameters_with_self_verification_enabled", "labels": [{"name": "tag", "value": "global_prototype_adding_all_parameters_with_self_verification_enabled"}, {"name": "tag", "value": "create_global"}, {"name": "tag", "value": "scenario"}, {"name": "parentSuite", "value": "tests.scenarios"}, {"name": "suite", "value": "test_global_prototype"}, {"name": "host", "value": "ubuntu"}, {"name": "thread", "value": "53959-MainThread"}, {"name": "framework", "value": "pytest"}, {"name": "language", "value": "cpython3"}, {"name": "package", "value": "tests.scenarios.test_global_prototype"}], "links": [{"type": "link", "url": "https://app.clickup.com/t/86cu0dzuf", "name": "https://app.clickup.com/t/86cu0dzuf"}]}