{"name": "This test case is to validate property values of object in audit logs", "status": "failed", "statusDetails": {"message": "AssertionError", "trace": "@allure.title(\"This test case is to validate property values of object in audit logs\")\n    @allure.description(\"This test case is to validate property values of object in audit logs\")\n    @allure.link(\"https://app.clickup.com/t/86cvfgu35\")\n    @pytest.mark.scenario\n    @pytest.mark.ontology\n    @pytest.mark.ontology_audit_logs\n    @pytest.mark.audit_logs_validate_object_property\n    def test_audit_logs_validate_object_property():\n        properties_01 = create_object_types_properties()\n>       object_data, display_name = test_create_objects(\n            {properties_01[\"title_display_name\"]: \"object_01\",\n             properties_01[\"single_line_property\"]: \"single_line\",\n             properties_01[\"multi_line_property\"]: \"multi_line\",\n             properties_01[\"number_property\"]: \"01\",\n             properties_01[\"multi_select_property\"]: [\n                 properties_01[\"multi_select_option\"]],\n             properties_01[\"single_select_property\"]: properties_01[\n                 \"single_select_option\"],\n             properties_01[\"date_property\"]: \"12-12-2012\",\n             properties_01[\"date_time_property\"]: datetime.now().strftime(\"%d-%m-%Y %H:%M\")},\n            properties_01[\"display_name\"], False)\n\ntests/scenarios/ontology/test_object.py:516: \n_ _ _ _ _ _ _ _ _ _ _ _ _ _ _ _ _ _ _ _ _ _ _ _ _ _ _ _ _ _ _ _ _ _ _ _ _ _ _ _ _ _ _ _ _ _ _ _ _ _ _ _ _ _ _ _ _ _ _ _ _ _ _ _ _ _ _ _ _ _ _ _ _ _ _ _ _ _ _ _ _ _ _ _ _ _ _ _ _ _ _ _ _ _ _ _ _ _ _ _ _ _ _ _ _ _ _ _ _ _ _ _ _ _ \ntests/scenarios/ontology/test_object.py:39: in test_create_objects\n    response = create_objects(display_name, objects_inputs, random_data, reason)\ntests/unit/ontology/objects.py:158: in create_objects\n    if not status_200(response):\n_ _ _ _ _ _ _ _ _ _ _ _ _ _ _ _ _ _ _ _ _ _ _ _ _ _ _ _ _ _ _ _ _ _ _ _ _ _ _ _ _ _ _ _ _ _ _ _ _ _ _ _ _ _ _ _ _ _ _ _ _ _ _ _ _ _ _ _ _ _ _ _ _ _ _ _ _ _ _ _ _ _ _ _ _ _ _ _ _ _ _ _ _ _ _ _ _ _ _ _ _ _ _ _ _ _ _ _ _ _ _ _ _ _ \n\nresponse = <Response [500]>, message = ''\n\n    def status_200(response, message=None):\n        if message is None:\n            message = response.text\n>       assert response.status_code == 200, message\nE       AssertionError\n\nutil/validate_response.py:4: AssertionError"}, "description": "This test case is to validate property values of object in audit logs", "start": 1733505216099, "stop": 1733505221433, "uuid": "76d341a7-c185-4431-b52f-6cc77ea41361", "historyId": "3983f60a791b6600982b9d36fe41b21f", "testCaseId": "3721a3727afc40268b4725cf96dedc3d", "fullName": "tests.scenarios.ontology.test_object#test_audit_logs_validate_object_property", "labels": [{"name": "tag", "value": "audit_logs_validate_object_property"}, {"name": "tag", "value": "ontology_audit_logs"}, {"name": "tag", "value": "ontology"}, {"name": "tag", "value": "scenario"}, {"name": "parentSuite", "value": "tests.scenarios.ontology"}, {"name": "suite", "value": "test_object"}, {"name": "host", "value": "ubuntu"}, {"name": "thread", "value": "29333-MainThread"}, {"name": "framework", "value": "pytest"}, {"name": "language", "value": "cpython3"}, {"name": "package", "value": "tests.scenarios.ontology.test_object"}], "links": [{"type": "link", "url": "https://app.clickup.com/t/86cvfgu35", "name": "https://app.clickup.com/t/86cvfgu35"}]}