{"name": "Test to add branching rule in single select dropdown parameter", "status": "failed", "statusDetails": {"message": "AssertionError: Incorrect Password for Username: facility.admin.03 and Password: $unDay123", "trace": "self = <test_prototype_and_parameter.TestPrototypeAndParameter object at 0x79c71f5bcd70>\n\n    @allure.title(\"Test to add branching rule in single select dropdown parameter\")\n    @allure.description(\"This testcase tests adding branching rules in single select dropdown parameter\")\n    @allure.link(\"https://app.clickup.com/t/85zu49gqd\")\n    @pytest.mark.scenario\n    @pytest.mark.create_prototype\n    @pytest.mark.add_branching_rule_in_single_select_dropodwn_parameter\n    def test_add_branching_rule_in_single_select_dropdown_parameter(self):\n>       login(Env.get_env_data(\"QA_ADMIN_USERNAME_01\"), Env.get_env_data(\"QA_ADMIN_PASSWORD_01\"))\n\ntests/scenarios/test_prototype_and_parameter.py:2485: \n_ _ _ _ _ _ _ _ _ _ _ _ _ _ _ _ _ _ _ _ _ _ _ _ _ _ _ _ _ _ _ _ _ _ _ _ _ _ _ _ _ _ _ _ _ _ _ _ _ _ _ _ _ _ _ _ _ _ _ _ _ _ _ _ _ _ _ _ _ _ _ _ _ _ _ _ _ _ _ _ _ _ _ _ _ _ _ _ _ _ _ _ _ _ _ _ _ _ _ _ _ _ _ _ _ _ _ _ _ _\ntests/unit/login_logout/login_logout.py:21: in login\n    status_200(response, \"Incorrect Password for Username: \" + user_name + \" and Password: \" + password)\n_ _ _ _ _ _ _ _ _ _ _ _ _ _ _ _ _ _ _ _ _ _ _ _ _ _ _ _ _ _ _ _ _ _ _ _ _ _ _ _ _ _ _ _ _ _ _ _ _ _ _ _ _ _ _ _ _ _ _ _ _ _ _ _ _ _ _ _ _ _ _ _ _ _ _ _ _ _ _ _ _ _ _ _ _ _ _ _ _ _ _ _ _ _ _ _ _ _ _ _ _ _ _ _ _ _ _ _ _ _\n\nresponse = <Response [500]>, message = 'Incorrect Password for Username: facility.admin.03 and Password: $unDay123'\n\n    def status_200(response, message=None):\n        if message is None:\n            message = response.text\n>       assert response.status_code == 200, message\nE       AssertionError: Incorrect Password for Username: facility.admin.03 and Password: $unDay123\n\nutil/validate_response.py:4: AssertionError"}, "description": "This testcase tests adding branching rules in single select dropdown parameter", "start": 1733750215371, "stop": 1733750245468, "uuid": "c6e9683a-e774-4081-8866-7399fb7fb1c6", "historyId": "daed324ca12d8d2e11ef7e3ca9321e4e", "testCaseId": "b5f7877215e0e7410852a81b534838c9", "fullName": "tests.scenarios.test_prototype_and_parameter.TestPrototypeAndParameter#test_add_branching_rule_in_single_select_dropdown_parameter", "labels": [{"name": "tag", "value": "add_branching_rule_in_single_select_dropodwn_parameter"}, {"name": "tag", "value": "create_prototype"}, {"name": "tag", "value": "scenario"}, {"name": "parentSuite", "value": "tests.scenarios"}, {"name": "suite", "value": "test_prototype_and_parameter"}, {"name": "subSuite", "value": "TestPrototypeAndParameter"}, {"name": "host", "value": "ubuntu"}, {"name": "thread", "value": "49291-MainThread"}, {"name": "framework", "value": "pytest"}, {"name": "language", "value": "cpython3"}, {"name": "package", "value": "tests.scenarios.test_prototype_and_parameter"}], "links": [{"type": "link", "url": "https://app.clickup.com/t/85zu49gqd", "name": "https://app.clickup.com/t/85zu49gqd"}]}