{"name": "Test to remove filters from resource parameter", "status": "failed", "statusDetails": {"message": "AssertionError: Incorrect Password for Username: global.admin.02 and Password: $unDay123", "trace": "self = <test_prototype_and_parameter.TestPrototypeAndParameter object at 0x79c71f5a2270>\n\n    @allure.title(\"Test to remove filters from resource parameter\")\n    @allure.description(\"This testcase test removing filters added in resource parameter and publish the prototype\")\n    @allure.link(\"https://app.clickup.com/t/85zu0zdzu\")\n    @pytest.mark.scenario\n    @pytest.mark.create_prototype\n    @pytest.mark.removing_filters_from_resource_parameter\n    def test_removing_filters_from_resource_parameter(self):\n>       properties = object_type_with_properties.test_create_object_type_properties()\n\ntests/scenarios/test_prototype_and_parameter.py:1092: \n_ _ _ _ _ _ _ _ _ _ _ _ _ _ _ _ _ _ _ _ _ _ _ _ _ _ _ _ _ _ _ _ _ _ _ _ _ _ _ _ _ _ _ _ _ _ _ _ _ _ _ _ _ _ _ _ _ _ _ _ _ _ _ _ _ _ _ _ _ _ _ _ _ _ _ _ _ _ _ _ _ _ _ _ _ _ _ _ _ _ _ _ _ _ _ _ _ _ _ _ _ _ _ _ _ _ _ _ _ _ _ _ _ _ \ntests/scenarios/ontology/test_object_property.py:24: in test_create_object_type_properties\n    display_name = object_types()\ntests/scenarios/ontology/test_object_types.py:21: in test_create_object_types\n    login(Env.get_env_data(\"QA_GLOBAL_ADMIN_USERNAME_01\"), Env.get_env_data(\"QA_GLOBAL_ADMIN_PASSWORD_01\"))\ntests/unit/login_logout/login_logout.py:21: in login\n    status_200(response, \"Incorrect Password for Username: \" + user_name + \" and Password: \" + password)\n_ _ _ _ _ _ _ _ _ _ _ _ _ _ _ _ _ _ _ _ _ _ _ _ _ _ _ _ _ _ _ _ _ _ _ _ _ _ _ _ _ _ _ _ _ _ _ _ _ _ _ _ _ _ _ _ _ _ _ _ _ _ _ _ _ _ _ _ _ _ _ _ _ _ _ _ _ _ _ _ _ _ _ _ _ _ _ _ _ _ _ _ _ _ _ _ _ _ _ _ _ _ _ _ _ _ _ _ _ _ _ _ _ _ \n\nresponse = <Response [500]>, message = 'Incorrect Password for Username: global.admin.02 and Password: $unDay123'\n\n    def status_200(response, message=None):\n        if message is None:\n            message = response.text\n>       assert response.status_code == 200, message\nE       AssertionError: Incorrect Password for Username: global.admin.02 and Password: $unDay123\n\nutil/validate_response.py:4: AssertionError"}, "description": "This testcase test removing filters added in resource parameter and publish the prototype", "start": 1733749612161, "stop": 1733749642257, "uuid": "3ec41f50-66e5-490e-b815-7e7b1255034c", "historyId": "7c0299c7d42374e2cd8f9caa968cf422", "testCaseId": "7ccca7a29eab6c227d9349c9ab704bc4", "fullName": "tests.scenarios.test_prototype_and_parameter.TestPrototypeAndParameter#test_removing_filters_from_resource_parameter", "labels": [{"name": "tag", "value": "removing_filters_from_resource_parameter"}, {"name": "tag", "value": "create_prototype"}, {"name": "tag", "value": "scenario"}, {"name": "parentSuite", "value": "tests.scenarios"}, {"name": "suite", "value": "test_prototype_and_parameter"}, {"name": "subSuite", "value": "TestPrototypeAndParameter"}, {"name": "host", "value": "ubuntu"}, {"name": "thread", "value": "49291-MainThread"}, {"name": "framework", "value": "pytest"}, {"name": "language", "value": "cpython3"}, {"name": "package", "value": "tests.scenarios.test_prototype_and_parameter"}], "links": [{"type": "link", "url": "https://app.clickup.com/t/85zu0zdzu", "name": "https://app.clickup.com/t/85zu0zdzu"}]}