{"name": "Test to verify that user can configure number parameter with criteria type validation, enabled approval flow condition and parameterized value", "status": "failed", "statusDetails": {"message": "AssertionError", "trace": "self = <test_number_parameter_exception_management.TestNumberParameterExceptionManagement object at 0x7af82273d190>\n\n    @allure.title(\n        \"Test to verify that user can configure number parameter with criteria type validation, enabled approval flow \"\n        \"condition and parameterized value\")\n    @allure.description(\n        \"This test case tests adding number parameter with criteria type validation, enabled approval flow condition \"\n        \"and parameterized value\")\n    @allure.link(\"https://app.clickup.com/t/86cvmvm2e\")\n    @pytest.mark.scenario\n    @pytest.mark.create_prototype\n    @pytest.mark.exception_management_workflow\n    @pytest.mark.add_number_parameter_with_criteria_type_validation_enabled_approval_flow_condition_and_parameterized_value\n    def test_add_number_parameter_with_criteria_type_validation_enabled_approval_flow_condition_and_parameterized_value(\n            self):\n        checklist_name_01 = self.test_add_number_parameter_with_criteria_type_validation_enabled_approval_flow_condition_and_parameterized_value.__name__\n        login(Env.get_env_data(\"QA_ADMIN_USERNAME_01\"), Env.get_env_data(\"QA_ADMIN_PASSWORD_01\"))\n        select_facility(const.FACILITY_NAME)\n        select_usecase(const.USECASE_NAME)\n    \n        create_new_checklist(checklist_name_01, const.USECASE_ID, const.FACILITY_ID)\n        add_stage(stage_name_01)\n        add_task(stage_name_01, task_name_01)\n        defined_error = \"Error - validation failed for  criteria type validation \"\n    \n        number_param_01 = get_parameter_data(\"number\")\n        add_number_parameter(stage_name_01, task_name_01, number_param_01)\n    \n        number_param_02 = get_parameter_data(\"number\")\n        add_number_parameter(stage_name_01, task_name_01, number_param_02,\n                             validations=[\n                                 {\"Validation_type\": \"criteria\", \"criteria\": \"parameter\", \"operator\": \"=\",\n                                  \"error\": defined_error,\n                                  \"value\": number_param_01[\"label\"]}],\n                             enable_exception_approval=\"APPROVER_REVIEWER_FLOW\")\n>       validate_checklist()\n\ntests/scenarios/test_number_parameter_exception_management.py:385: \n_ _ _ _ _ _ _ _ _ _ _ _ _ _ _ _ _ _ _ _ _ _ _ _ _ _ _ _ _ _ _ _ _ _ _ _ _ _ _ _ _ _ _ _ _ _ _ _ _ _ _ _ _ _ _ _ _ _ _ _ _ _ _ _ _ _ _ _ _ _ _ _ _ _ _ _ _ _ _ _ _ _ _ _ _ _ _ _ _ _ _ _ _ _ _ _ _ _ _ _ _ _ _ _ _ _ _ _ _ _ _ _ _ _ \ntests/unit/prototyping/process.py:186: in validate_checklist\n    status_200(response)\n_ _ _ _ _ _ _ _ _ _ _ _ _ _ _ _ _ _ _ _ _ _ _ _ _ _ _ _ _ _ _ _ _ _ _ _ _ _ _ _ _ _ _ _ _ _ _ _ _ _ _ _ _ _ _ _ _ _ _ _ _ _ _ _ _ _ _ _ _ _ _ _ _ _ _ _ _ _ _ _ _ _ _ _ _ _ _ _ _ _ _ _ _ _ _ _ _ _ _ _ _ _ _ _ _ _ _ _ _ _ _ _ _ _ \n\nresponse = <Response [500]>, message = ''\n\n    def status_200(response, message=None):\n        if message is None:\n            message = response.text\n>       assert response.status_code == 200, message\nE       AssertionError\n\nutil/validate_response.py:4: AssertionError"}, "description": "This test case tests adding number parameter with criteria type validation, enabled approval flow condition and parameterized value", "start": 1733492224588, "stop": 1733492226016, "uuid": "a879c4e1-ffe9-4abd-9ce3-e1e30d9027a8", "historyId": "7668f2782a2a53a47fe478274915f663", "testCaseId": "9fa8d4e1af347477186dea56042eab09", "fullName": "tests.scenarios.test_number_parameter_exception_management.TestNumberParameterExceptionManagement#test_add_number_parameter_with_criteria_type_validation_enabled_approval_flow_condition_and_parameterized_value", "labels": [{"name": "tag", "value": "add_number_parameter_with_criteria_type_validation_enabled_approval_flow_condition_and_parameterized_value"}, {"name": "tag", "value": "exception_management_workflow"}, {"name": "tag", "value": "create_prototype"}, {"name": "tag", "value": "scenario"}, {"name": "parentSuite", "value": "tests.scenarios"}, {"name": "suite", "value": "test_number_parameter_exception_management"}, {"name": "subSuite", "value": "TestNumberParameterExceptionManagement"}, {"name": "host", "value": "ubuntu"}, {"name": "thread", "value": "29333-MainThread"}, {"name": "framework", "value": "pytest"}, {"name": "language", "value": "cpython3"}, {"name": "package", "value": "tests.scenarios.test_number_parameter_exception_management"}], "links": [{"type": "link", "url": "https://app.clickup.com/t/86cvmvm2e", "name": "https://app.clickup.com/t/86cvmvm2e"}]}