{"name": "Test to verify that user get error when criteria type validation on number parameter breached ", "status": "failed", "statusDetails": {"message": "AssertionError", "trace": "self = <test_number_parameter_exception_management_execution.TestNumberParameterExceptionManagementExecution object at 0x7af8221a5190>\nuser_group_creation = 'Auto_Test_user_group_TestNumberParameterExceptionManagementExecution_760', job_execution_by = 'user', users_list = ['process.publisher.03']\n\n    @allure.title(\"Test to verify that user get error when criteria type validation on number parameter breached \")\n    @allure.description(\n        \"This test case validates the defined error when criteria type validation with parameterized value \"\n        \"is breached\")\n    @allure.link(\"https://app.clickup.com/t/86cvh7rwx\")\n    @pytest.mark.scenario\n    @pytest.mark.job\n    @pytest.mark.exception_management_workflow\n    @pytest.mark.validate_error_on_breach_of_criteria_type_validation_with_parameterized_value\n    @pytest.mark.parametrize(\"job_execution_by, users_list\", [(\"user\", [Env.get_env_data(\"QA_PUBLISHER_USERNAME_01\")]),\n                                                              (\"user_group\", [])])\n    def test_validate_error_on_breach_of_criteria_type_validation_with_parameterized_value(self, user_group_creation,\n                                                                                           job_execution_by,\n                                                                                           users_list):\n>       process_data = self.process_obj.test_add_number_parameter_with_criteria_type_validation_halt_parameter_condition_and_parameterized_value()\n\ntests/scenarios/job/test_number_parameter_exception_management_execution.py:76: \n_ _ _ _ _ _ _ _ _ _ _ _ _ _ _ _ _ _ _ _ _ _ _ _ _ _ _ _ _ _ _ _ _ _ _ _ _ _ _ _ _ _ _ _ _ _ _ _ _ _ _ _ _ _ _ _ _ _ _ _ _ _ _ _ _ _ _ _ _ _ _ _ _ _ _ _ _ _ _ _ _ _ _ _ _ _ _ _ _ _ _ _ _ _ _ _ _ _ _ _ _ _ _ _ _ _ _ _ _ _ _ _ _ _ \ntests/scenarios/test_number_parameter_exception_management.py:299: in test_add_number_parameter_with_criteria_type_validation_halt_parameter_condition_and_parameterized_value\n    validate_checklist()\ntests/unit/prototyping/process.py:186: in validate_checklist\n    status_200(response)\n_ _ _ _ _ _ _ _ _ _ _ _ _ _ _ _ _ _ _ _ _ _ _ _ _ _ _ _ _ _ _ _ _ _ _ _ _ _ _ _ _ _ _ _ _ _ _ _ _ _ _ _ _ _ _ _ _ _ _ _ _ _ _ _ _ _ _ _ _ _ _ _ _ _ _ _ _ _ _ _ _ _ _ _ _ _ _ _ _ _ _ _ _ _ _ _ _ _ _ _ _ _ _ _ _ _ _ _ _ _ _ _ _ _ \n\nresponse = <Response [500]>, message = ''\n\n    def status_200(response, message=None):\n        if message is None:\n            message = response.text\n>       assert response.status_code == 200, message\nE       AssertionError\n\nutil/validate_response.py:4: AssertionError"}, "description": "This test case validates the defined error when criteria type validation with parameterized value is breached", "parameters": [{"name": "job_execution_by", "value": "'user'"}, {"name": "users_list", "value": "['process.publisher.03']"}], "start": 1733499666123, "stop": 1733499667447, "uuid": "30c0f370-aecf-405c-bb3e-e7f94fc4ff62", "historyId": "c73b6b9f152a2062cc4eabdbad1fe36d", "testCaseId": "a24d313e234c282f484f2b8d68d5ff80", "fullName": "tests.scenarios.job.test_number_parameter_exception_management_execution.TestNumberParameterExceptionManagementExecution#test_validate_error_on_breach_of_criteria_type_validation_with_parameterized_value", "labels": [{"name": "tag", "value": "validate_error_on_breach_of_criteria_type_validation_with_parameterized_value"}, {"name": "tag", "value": "exception_management_workflow"}, {"name": "tag", "value": "job"}, {"name": "tag", "value": "scenario"}, {"name": "parentSuite", "value": "tests.scenarios.job"}, {"name": "suite", "value": "test_number_parameter_exception_management_execution"}, {"name": "subSuite", "value": "TestNumberParameterExceptionManagementExecution"}, {"name": "host", "value": "ubuntu"}, {"name": "thread", "value": "29333-MainThread"}, {"name": "framework", "value": "pytest"}, {"name": "language", "value": "cpython3"}, {"name": "package", "value": "tests.scenarios.job.test_number_parameter_exception_management_execution"}], "links": [{"type": "link", "url": "https://app.clickup.com/t/86cvh7rwx", "name": "https://app.clickup.com/t/86cvh7rwx"}]}