{"name": "Verify audit logs for linked resource parameter", "status": "failed", "statusDetails": {"message": "AssertionError", "trace": "self = <test_audit_logs_of_linked_parameters.TestAuditLogsOfLinkedParameters object at 0x7b6d60a84da0>, user_group_creation = 'Auto_Test_user_group531', job_execution_by = 'user_group', users_list = []\n\n    @allure.title(\"Verify audit logs for linked resource parameter\")\n    @allure.description(\"This test case tests audits logs for linked resource parameter during execution\")\n    @allure.link(\"https://app.clickup.com/t/86cuvfaw2\")\n    @pytest.mark.scenario\n    @pytest.mark.job\n    @pytest.mark.job_audits\n    @pytest.mark.job_audits_for_linked_resource_parameter\n    @pytest.mark.parametrize(\"job_execution_by, users_list\", [(\"user\", [Env.get_env_data(\"QA_PUBLISHER_USERNAME_01\")]),\n                                                              (\"user_group\", [])])\n    def test_job_audits_for_linked_resource_parameter(self, user_group_creation, job_execution_by, users_list):\n>       execution_data = self.executed_job.test_validate_values_of_linked_resource_parameter_while_execution(\n            user_group_creation, job_execution_by, users_list)\n\ntests/scenarios/job_audits/test_audit_logs_of_linked_parameters.py:166: \n_ _ _ _ _ _ _ _ _ _ _ _ _ _ _ _ _ _ _ _ _ _ _ _ _ _ _ _ _ _ _ _ _ _ _ _ _ _ _ _ _ _ _ _ _ _ _ _ _ _ _ _ _ _ _ _ _ _ _ _ _ _ _ _ _ _ _ _ _ _ _ _ _ _ _ _ _ _ _ _ _ _ _ _ _ _ _ _ _ _ _ _ _ _ _ _ _ _ _ _ _ _ _ _ _ _ _ _ _ _ _ _ _ _ \ntests/scenarios/job/test_job_execution.py:1008: in test_validate_values_of_linked_resource_parameter_while_execution\n    object_data_01, display_name = object_type_objects.test_create_objects(\ntests/scenarios/ontology/test_object.py:39: in test_create_objects\n    response = create_objects(display_name, objects_inputs, random_data, reason)\ntests/unit/ontology/objects.py:158: in create_objects\n    if not status_200(response):\n_ _ _ _ _ _ _ _ _ _ _ _ _ _ _ _ _ _ _ _ _ _ _ _ _ _ _ _ _ _ _ _ _ _ _ _ _ _ _ _ _ _ _ _ _ _ _ _ _ _ _ _ _ _ _ _ _ _ _ _ _ _ _ _ _ _ _ _ _ _ _ _ _ _ _ _ _ _ _ _ _ _ _ _ _ _ _ _ _ _ _ _ _ _ _ _ _ _ _ _ _ _ _ _ _ _ _ _ _ _ _ _ _ _ \n\nresponse = <Response [500]>, message = ''\n\n    def status_200(response, message=None):\n        if message is None:\n            message = response.text\n>       assert response.status_code == 200, message\nE       AssertionError\n\nutil/validate_response.py:4: AssertionError"}, "description": "This test case tests audits logs for linked resource parameter during execution", "parameters": [{"name": "job_execution_by", "value": "'user_group'"}, {"name": "users_list", "value": "[]"}], "start": 1733767982345, "stop": 1733768002276, "uuid": "6519c86b-134f-470c-9e6e-4c6abfbf175e", "historyId": "92fa7fbc226fcecde294ebd0ab3bb9ea", "testCaseId": "4cdb2d01dd5377f7be91c7acd4824a6c", "fullName": "tests.scenarios.job_audits.test_audit_logs_of_linked_parameters.TestAuditLogsOfLinkedParameters#test_job_audits_for_linked_resource_parameter", "labels": [{"name": "tag", "value": "job_audits_for_linked_resource_parameter"}, {"name": "tag", "value": "job_audits"}, {"name": "tag", "value": "job"}, {"name": "tag", "value": "scenario"}, {"name": "parentSuite", "value": "tests.scenarios.job_audits"}, {"name": "suite", "value": "test_audit_logs_of_linked_parameters"}, {"name": "subSuite", "value": "TestAuditLogsOfLinkedParameters"}, {"name": "host", "value": "ubuntu"}, {"name": "thread", "value": "53959-MainThread"}, {"name": "framework", "value": "pytest"}, {"name": "language", "value": "cpython3"}, {"name": "package", "value": "tests.scenarios.job_audits.test_audit_logs_of_linked_parameters"}], "links": [{"type": "link", "url": "https://app.clickup.com/t/86cuvfaw2", "name": "https://app.clickup.com/t/86cuvfaw2"}]}