{"name": "Test to validate activities of prototype", "status": "failed", "statusDetails": {"message": "AssertionError: owner details not matching\nassert 'created the Prototype' in 'Kajol L (ID:L-facility.admin.03) provided a name \"Stage-1\" to Stage 1'", "trace": "self = <test_prototype_and_parameter.TestPrototypeAndParameter object at 0x7af822596180>\n\n    @allure.title(\"Test to validate activities of prototype\")\n    @allure.description(\"This test case validates view activities details of prototype\")\n    @allure.link(\"https://app.clickup.com/t/85zu1yac1\")\n    @pytest.mark.scenario\n    @pytest.mark.validate_details_of_prototype\n    @pytest.mark.validate_prototype_activities_details\n    def test_validate_prototype_activities_details(self):\n        login(Env.get_env_data(\"QA_ADMIN_USERNAME_01\"), Env.get_env_data(\"QA_ADMIN_PASSWORD_01\"))\n        select_facility(const.FACILITY_NAME)\n        select_usecase(const.USECASE_NAME)\n    \n        checklist_name_01 = self.test_validate_prototype_activities_details.__name__\n        create_new_checklist(checklist_name_01, const.USECASE_ID, const.FACILITY_ID)\n        add_stage(stage_name_01)\n        add_task(stage_name_01, task_name_01)\n    \n        data = [\"sunday\", \"saturday\", \"monday\"]\n        param = get_parameter_data(\"single_select\")\n        add_single_select_dropdown_parameter(stage_name_01, task_name_01, param, data)\n    \n        single_line_param = get_parameter_data(\"single_line_text\")\n        add_single_line_text_parameter(stage_name_01, task_name_01, single_line_param)\n    \n        prototype_details = prototype_activities()\n        owner_details = prototype_details['data'][0]['details']\n>       assert PROTOTYPE_CREATION_INFO in owner_details, \"owner details not matching\"\nE       AssertionError: owner details not matching\nE       assert 'created the Prototype' in 'Kajol L (ID:L-facility.admin.03) provided a name \"Stage-1\" to Stage 1'\n\ntests/scenarios/test_prototype_and_parameter.py:4811: AssertionError"}, "description": "This test case validates view activities details of prototype", "start": 1733493279266, "stop": 1733493280593, "uuid": "326f65dd-800d-470e-ad23-236a9dd9e432", "historyId": "4f324a2092c6b15d10f9a8ec8732cb5e", "testCaseId": "3a9ec40992e7433619d4e3223dc1a4d2", "fullName": "tests.scenarios.test_prototype_and_parameter.TestPrototypeAndParameter#test_validate_prototype_activities_details", "labels": [{"name": "tag", "value": "validate_prototype_activities_details"}, {"name": "tag", "value": "validate_details_of_prototype"}, {"name": "tag", "value": "scenario"}, {"name": "parentSuite", "value": "tests.scenarios"}, {"name": "suite", "value": "test_prototype_and_parameter"}, {"name": "subSuite", "value": "TestPrototypeAndParameter"}, {"name": "host", "value": "ubuntu"}, {"name": "thread", "value": "29333-MainThread"}, {"name": "framework", "value": "pytest"}, {"name": "language", "value": "cpython3"}, {"name": "package", "value": "tests.scenarios.test_prototype_and_parameter"}], "links": [{"type": "link", "url": "https://app.clickup.com/t/85zu1yac1", "name": "https://app.clickup.com/t/85zu1yac1"}]}