{"name": "Test to archive a process", "status": "failed", "statusDetails": {"message": "AssertionError: Incorrect Password for Username: global.admin.02 and Password: $unDay123", "trace": "self = <test_processes.TestProcess object at 0x79c71f57e1e0>\n\n    @allure.title(\"Test to archive a process\")\n    @allure.description(\"This test case tests archiving a process\")\n    @allure.link(\"https://app.clickup.com/t/85zrhgr4h\")\n    @pytest.mark.scenario\n    @pytest.mark.archives_unarchives\n    @pytest.mark.archiving_process\n    def test_archiving_process(self):\n>       self.process_obj.test_adding_all_parameters_and_publish_prototype()\n\ntests/scenarios/test_processes.py:27: \n_ _ _ _ _ _ _ _ _ _ _ _ _ _ _ _ _ _ _ _ _ _ _ _ _ _ _ _ _ _ _ _ _ _ _ _ _ _ _ _ _ _ _ _ _ _ _ _ _ _ _ _ _ _ _ _ _ _ _ _ _ _ _ _ _ _ _ _ _ _ _ _ _ _ _ _ _ _ _ _ _ _ _ _ _ _ _ _ _ _ _ _ _ _ _ _ _ _ _ _ _ _ _ _ _ _ _ _ _ _\ntests/scenarios/test_prototype_and_parameter.py:34: in test_adding_all_parameters_and_publish_prototype\n    object_data, display_name = object_type_objects.test_create_objects()\ntests/scenarios/ontology/test_object.py:33: in test_create_objects\n    display_name = create_object_types_properties().get(\"display_name\", None)\ntests/scenarios/ontology/test_object_property.py:24: in test_create_object_type_properties\n    display_name = object_types()\ntests/scenarios/ontology/test_object_types.py:21: in test_create_object_types\n    login(Env.get_env_data(\"QA_GLOBAL_ADMIN_USERNAME_01\"), Env.get_env_data(\"QA_GLOBAL_ADMIN_PASSWORD_01\"))\ntests/unit/login_logout/login_logout.py:21: in login\n    status_200(response, \"Incorrect Password for Username: \" + user_name + \" and Password: \" + password)\n_ _ _ _ _ _ _ _ _ _ _ _ _ _ _ _ _ _ _ _ _ _ _ _ _ _ _ _ _ _ _ _ _ _ _ _ _ _ _ _ _ _ _ _ _ _ _ _ _ _ _ _ _ _ _ _ _ _ _ _ _ _ _ _ _ _ _ _ _ _ _ _ _ _ _ _ _ _ _ _ _ _ _ _ _ _ _ _ _ _ _ _ _ _ _ _ _ _ _ _ _ _ _ _ _ _ _ _ _ _\n\nresponse = <Response [500]>, message = 'Incorrect Password for Username: global.admin.02 and Password: $unDay123'\n\n    def status_200(response, message=None):\n        if message is None:\n            message = response.text\n>       assert response.status_code == 200, message\nE       AssertionError: Incorrect Password for Username: global.admin.02 and Password: $unDay123\n\nutil/validate_response.py:4: AssertionError"}, "description": "This test case tests archiving a process", "start": 1733748858299, "stop": 1733748888393, "uuid": "03d46991-66d5-4674-9f24-95ec2200ba9e", "historyId": "f79a74de32fc38f562b9b51e104a6168", "testCaseId": "02552981cb2a34306175f2c19df33068", "fullName": "tests.scenarios.test_processes.TestProcess#test_archiving_process", "labels": [{"name": "tag", "value": "archiving_process"}, {"name": "tag", "value": "archives_unarchives"}, {"name": "tag", "value": "scenario"}, {"name": "parentSuite", "value": "tests.scenarios"}, {"name": "suite", "value": "test_processes"}, {"name": "subSuite", "value": "TestProcess"}, {"name": "host", "value": "ubuntu"}, {"name": "thread", "value": "49291-MainThread"}, {"name": "framework", "value": "pytest"}, {"name": "language", "value": "cpython3"}, {"name": "package", "value": "tests.scenarios.test_processes"}], "links": [{"type": "link", "url": "https://app.clickup.com/t/85zrhgr4h", "name": "https://app.clickup.com/t/85zrhgr4h"}]}