{"name": "Test to verify that user get error when criteria type validation on number parameter is breached ", "status": "failed", "statusDetails": {"message": "AssertionError", "trace": "self = <test_number_parameter_exception_management_execution.TestNumberParameterExceptionManagementExecution object at 0x7af8221a4e30>\nuser_group_creation = 'Auto_Test_user_group_TestNumberParameterExceptionManagementExecution_760', job_execution_by = 'user_group', users_list = []\n\n    @allure.title(\"Test to verify that user get error when criteria type validation on number parameter is breached \")\n    @allure.description(\"This test case validates the defined error when criteria type validation with constant value \"\n                        \"is breached\")\n    @allure.link(\"https://app.clickup.com/t/86cvh7r1y\")\n    @pytest.mark.scenario\n    @pytest.mark.job\n    @pytest.mark.exception_management_workflow\n    @pytest.mark.validate_error_on_breach_of_criteria_type_validation_with_constant_value\n    @pytest.mark.parametrize(\"job_execution_by, users_list\", [(\"user\", [Env.get_env_data(\"QA_PUBLISHER_USERNAME_01\")]),\n                                                              (\"user_group\", [])])\n    def test_validate_error_on_breach_of_criteria_type_validation_with_constant_value(self, user_group_creation,\n                                                                                      job_execution_by, users_list):\n>       process_data = self.process_obj.test_add_number_parameter_with_criteria_type_validation_halt_parameter_condition_and_constant_value()\n\ntests/scenarios/job/test_number_parameter_exception_management_execution.py:48: \n_ _ _ _ _ _ _ _ _ _ _ _ _ _ _ _ _ _ _ _ _ _ _ _ _ _ _ _ _ _ _ _ _ _ _ _ _ _ _ _ _ _ _ _ _ _ _ _ _ _ _ _ _ _ _ _ _ _ _ _ _ _ _ _ _ _ _ _ _ _ _ _ _ _ _ _ _ _ _ _ _ _ _ _ _ _ _ _ _ _ _ _ _ _ _ _ _ _ _ _ _ _ _ _ _ _ _ _ _ _ _ _ _ _ \ntests/scenarios/test_number_parameter_exception_management.py:183: in test_add_number_parameter_with_criteria_type_validation_halt_parameter_condition_and_constant_value\n    validate_checklist()\ntests/unit/prototyping/process.py:186: in validate_checklist\n    status_200(response)\n_ _ _ _ _ _ _ _ _ _ _ _ _ _ _ _ _ _ _ _ _ _ _ _ _ _ _ _ _ _ _ _ _ _ _ _ _ _ _ _ _ _ _ _ _ _ _ _ _ _ _ _ _ _ _ _ _ _ _ _ _ _ _ _ _ _ _ _ _ _ _ _ _ _ _ _ _ _ _ _ _ _ _ _ _ _ _ _ _ _ _ _ _ _ _ _ _ _ _ _ _ _ _ _ _ _ _ _ _ _ _ _ _ _ \n\nresponse = <Response [500]>, message = ''\n\n    def status_200(response, message=None):\n        if message is None:\n            message = response.text\n>       assert response.status_code == 200, message\nE       AssertionError\n\nutil/validate_response.py:4: AssertionError"}, "description": "This test case validates the defined error when criteria type validation with constant value is breached", "parameters": [{"name": "job_execution_by", "value": "'user_group'"}, {"name": "users_list", "value": "[]"}], "start": 1733499665086, "stop": 1733499666103, "uuid": "076674a1-d2c5-43b3-a45e-0c64e74f7e48", "historyId": "cc00250db0887be32ca64a566e3551e3", "testCaseId": "5082349bc57193eda243d030c2e990f3", "fullName": "tests.scenarios.job.test_number_parameter_exception_management_execution.TestNumberParameterExceptionManagementExecution#test_validate_error_on_breach_of_criteria_type_validation_with_constant_value", "labels": [{"name": "tag", "value": "validate_error_on_breach_of_criteria_type_validation_with_constant_value"}, {"name": "tag", "value": "exception_management_workflow"}, {"name": "tag", "value": "job"}, {"name": "tag", "value": "scenario"}, {"name": "parentSuite", "value": "tests.scenarios.job"}, {"name": "suite", "value": "test_number_parameter_exception_management_execution"}, {"name": "subSuite", "value": "TestNumberParameterExceptionManagementExecution"}, {"name": "host", "value": "ubuntu"}, {"name": "thread", "value": "29333-MainThread"}, {"name": "framework", "value": "pytest"}, {"name": "language", "value": "cpython3"}, {"name": "package", "value": "tests.scenarios.job.test_number_parameter_exception_management_execution"}], "links": [{"type": "link", "url": "https://app.clickup.com/t/86cvh7r1y", "name": "https://app.clickup.com/t/86cvh7r1y"}]}