{"name": "Test to add multiple branching rule in single select dropdown parameter mapped to cjf", "status": "failed", "statusDetails": {"message": "AssertionError: Incorrect Password for Username: facility.admin.03 and Password: $unDay123", "trace": "self = <test_prototype_and_parameter.TestPrototypeAndParameter object at 0x79c71f5bd010>\n\n    @allure.title(\"Test to add multiple branching rule in single select dropdown parameter mapped to cjf\")\n    @allure.description(\n        \"This testcase tests adding multiple branching rules in single select dropdown parameter mapped to cjf\")\n    @allure.link(\"https://app.clickup.com/t/85zu3rk9p\")\n    @pytest.mark.scenario\n    @pytest.mark.create_prototype\n    @pytest.mark.add_multiple_branching_rule_in_single_select_dropodwn_parameter_mapped_to_cjf\n    def test_add_multiple_branching_rule_in_single_select_dropdown_parameter_mapped_to_cjf(self):\n>       login(Env.get_env_data(\"QA_ADMIN_USERNAME_01\"), Env.get_env_data(\"QA_ADMIN_PASSWORD_01\"))\n\ntests/scenarios/test_prototype_and_parameter.py:2524: \n_ _ _ _ _ _ _ _ _ _ _ _ _ _ _ _ _ _ _ _ _ _ _ _ _ _ _ _ _ _ _ _ _ _ _ _ _ _ _ _ _ _ _ _ _ _ _ _ _ _ _ _ _ _ _ _ _ _ _ _ _ _ _ _ _ _ _ _ _ _ _ _ _ _ _ _ _ _ _ _ _ _ _ _ _ _ _ _ _ _ _ _ _ _ _ _ _ _ _ _ _ _ _ _ _ _ _ _ _ _\ntests/unit/login_logout/login_logout.py:21: in login\n    status_200(response, \"Incorrect Password for Username: \" + user_name + \" and Password: \" + password)\n_ _ _ _ _ _ _ _ _ _ _ _ _ _ _ _ _ _ _ _ _ _ _ _ _ _ _ _ _ _ _ _ _ _ _ _ _ _ _ _ _ _ _ _ _ _ _ _ _ _ _ _ _ _ _ _ _ _ _ _ _ _ _ _ _ _ _ _ _ _ _ _ _ _ _ _ _ _ _ _ _ _ _ _ _ _ _ _ _ _ _ _ _ _ _ _ _ _ _ _ _ _ _ _ _ _ _ _ _ _\n\nresponse = <Response [500]>, message = 'Incorrect Password for Username: facility.admin.03 and Password: $unDay123'\n\n    def status_200(response, message=None):\n        if message is None:\n            message = response.text\n>       assert response.status_code == 200, message\nE       AssertionError: Incorrect Password for Username: facility.admin.03 and Password: $unDay123\n\nutil/validate_response.py:4: AssertionError"}, "description": "This testcase tests adding multiple branching rules in single select dropdown parameter mapped to cjf", "start": 1733750245522, "stop": 1733750275626, "uuid": "39c14d1f-bd3b-4543-9cae-d7a2b470cd20", "historyId": "6e90f780a985b66ec028fc363f58d72c", "testCaseId": "2951fdbae3f025d9e0afc1714a1956e8", "fullName": "tests.scenarios.test_prototype_and_parameter.TestPrototypeAndParameter#test_add_multiple_branching_rule_in_single_select_dropdown_parameter_mapped_to_cjf", "labels": [{"name": "tag", "value": "add_multiple_branching_rule_in_single_select_dropodwn_parameter_mapped_to_cjf"}, {"name": "tag", "value": "create_prototype"}, {"name": "tag", "value": "scenario"}, {"name": "parentSuite", "value": "tests.scenarios"}, {"name": "suite", "value": "test_prototype_and_parameter"}, {"name": "subSuite", "value": "TestPrototypeAndParameter"}, {"name": "host", "value": "ubuntu"}, {"name": "thread", "value": "49291-MainThread"}, {"name": "framework", "value": "pytest"}, {"name": "language", "value": "cpython3"}, {"name": "package", "value": "tests.scenarios.test_prototype_and_parameter"}], "links": [{"type": "link", "url": "https://app.clickup.com/t/85zu3rk9p", "name": "https://app.clickup.com/t/85zu3rk9p"}]}