{"name": "Test to check validations added on prototype with unmapped parameters", "status": "failed", "statusDetails": {"message": "AssertionError: Incorrect Password for Username: facility.admin.03 and Password: $unDay123", "trace": "self = <test_prototype_and_parameter.TestPrototypeAndParameter object at 0x79c71f5a2a50>\n\n    @allure.title(\"Test to check validations added on prototype with unmapped parameters\")\n    @allure.description(\n        \"This test case tests validations on prototype with unmapped parameters when submitting for review\")\n    @allure.link(\"https://app.clickup.com/t/85zu0eja4\")\n    @pytest.mark.scenario\n    @pytest.mark.prototype_validation\n    @pytest.mark.validate_prototype_unmapped_parameters\n    def test_validate_prototype_unmapped_parameters(self):\n>       login(Env.get_env_data(\"QA_ADMIN_USERNAME_01\"), Env.get_env_data(\"QA_ADMIN_PASSWORD_01\"))\n\ntests/scenarios/test_prototype_and_parameter.py:1176: \n_ _ _ _ _ _ _ _ _ _ _ _ _ _ _ _ _ _ _ _ _ _ _ _ _ _ _ _ _ _ _ _ _ _ _ _ _ _ _ _ _ _ _ _ _ _ _ _ _ _ _ _ _ _ _ _ _ _ _ _ _ _ _ _ _ _ _ _ _ _ _ _ _ _ _ _ _ _ _ _ _ _ _ _ _ _ _ _ _ _ _ _ _ _ _ _ _ _ _ _ _ _ _ _ _ _ _ _ _ _ _ _ _ _ \ntests/unit/login_logout/login_logout.py:21: in login\n    status_200(response, \"Incorrect Password for Username: \" + user_name + \" and Password: \" + password)\n_ _ _ _ _ _ _ _ _ _ _ _ _ _ _ _ _ _ _ _ _ _ _ _ _ _ _ _ _ _ _ _ _ _ _ _ _ _ _ _ _ _ _ _ _ _ _ _ _ _ _ _ _ _ _ _ _ _ _ _ _ _ _ _ _ _ _ _ _ _ _ _ _ _ _ _ _ _ _ _ _ _ _ _ _ _ _ _ _ _ _ _ _ _ _ _ _ _ _ _ _ _ _ _ _ _ _ _ _ _ _ _ _ _ \n\nresponse = <Response [500]>, message = 'Incorrect Password for Username: facility.admin.03 and Password: $unDay123'\n\n    def status_200(response, message=None):\n        if message is None:\n            message = response.text\n>       assert response.status_code == 200, message\nE       AssertionError: Incorrect Password for Username: facility.admin.03 and Password: $unDay123\n\nutil/validate_response.py:4: AssertionError"}, "description": "This test case tests validations on prototype with unmapped parameters when submitting for review", "start": 1733749702628, "stop": 1733749732725, "uuid": "36d7e0e3-a128-4ed8-830d-b7b5ff99bb45", "historyId": "743b9cc1e4386d9965b6e79299dcf643", "testCaseId": "4b4397c1f20507a391e8bb4d9c6898fe", "fullName": "tests.scenarios.test_prototype_and_parameter.TestPrototypeAndParameter#test_validate_prototype_unmapped_parameters", "labels": [{"name": "tag", "value": "validate_prototype_unmapped_parameters"}, {"name": "tag", "value": "prototype_validation"}, {"name": "tag", "value": "scenario"}, {"name": "parentSuite", "value": "tests.scenarios"}, {"name": "suite", "value": "test_prototype_and_parameter"}, {"name": "subSuite", "value": "TestPrototypeAndParameter"}, {"name": "host", "value": "ubuntu"}, {"name": "thread", "value": "49291-MainThread"}, {"name": "framework", "value": "pytest"}, {"name": "language", "value": "cpython3"}, {"name": "package", "value": "tests.scenarios.test_prototype_and_parameter"}], "links": [{"type": "link", "url": "https://app.clickup.com/t/85zu0eja4", "name": "https://app.clickup.com/t/85zu0eja4"}]}