{"name": "Test to validate the audit logs when prototype is recalled", "status": "failed", "statusDetails": {"message": "AssertionError: Recall process details not matching\nassert 'recalled the Prototype' in 'Kajol L (ID:L-facility.admin.03) added the Parameter \"multi_line_text-1\"  of type \"MULTI_LINE\"  to the Task \"Task-1.1\" as Task1.1 of the Stage \"Stage-1\"'", "trace": "self = <test_prototype_and_parameter.TestPrototypeAndParameter object at 0x7b6d6105d1c0>\n\n    @allure.title(\"Test to validate the audit logs when prototype is recalled\")\n    @allure.description(\"This test case tests validating the audit logs when prototype is recalled\")\n    @allure.link(\"https://app.clickup.com/t/86cu5ghp2\")\n    @pytest.mark.scenario\n    @pytest.mark.recall_process\n    @pytest.mark.validate_audit_logs_for_recalled_prototype\n    def test_validate_audit_logs_for_recalled_prototype(self):\n        login(Env.get_env_data(\"QA_ADMIN_USERNAME_01\"), Env.get_env_data(\"QA_ADMIN_PASSWORD_01\"))\n        select_facility(const.FACILITY_NAME)\n        select_usecase(const.USECASE_NAME)\n    \n        checklist_name_01 = self.test_validate_audit_logs_for_recalled_prototype.__name__\n        create_new_checklist(checklist_name_01, const.USECASE_ID, const.FACILITY_ID)\n        add_stage(stage_name_01)\n        add_task(stage_name_01, task_name_01)\n    \n        signature_param = get_parameter_data(\"signature\")\n        add_signature_parameter(stage_name_01, task_name_01, signature_param)\n    \n        multi_line_param = get_parameter_data(\"multi_line_text\")\n        add_multi_line_text_parameter(stage_name_01, task_name_01, multi_line_param)\n    \n        date_time_param = get_parameter_data(\"date_time\")\n        add_date_time_parameter(stage_name_01, task_name_01, date_time_param)\n    \n        validate_checklist()\n        submit_checklist_for_review()\n        recall_process(const.RECALL_REASON)\n        time.sleep(5)\n        prototype_details = prototype_activities()\n        recalled_details = prototype_details['data'][0]['details']\n>       assert RECALLED_PROCESS_INFO in recalled_details, \"Recall process details not matching\"\nE       AssertionError: Recall process details not matching\nE       assert 'recalled the Prototype' in 'Kajol L (ID:L-facility.admin.03) added the Parameter \"multi_line_text-1\"  of type \"MULTI_LINE\"  to the Task \"Task-1.1\" as Task1.1 of the Stage \"Stage-1\"'\n\ntests/scenarios/test_prototype_and_parameter.py:6407: AssertionError"}, "description": "This test case tests validating the audit logs when prototype is recalled", "start": 1733756146092, "stop": 1733756152695, "uuid": "35266df8-c7ab-484b-82a0-a6bce884ffb9", "historyId": "793a3d917ccf286a94407d8c734c5cf8", "testCaseId": "54eaf694b1c12b0d3495ad7288cb124d", "fullName": "tests.scenarios.test_prototype_and_parameter.TestPrototypeAndParameter#test_validate_audit_logs_for_recalled_prototype", "labels": [{"name": "tag", "value": "validate_audit_logs_for_recalled_prototype"}, {"name": "tag", "value": "recall_process"}, {"name": "tag", "value": "scenario"}, {"name": "parentSuite", "value": "tests.scenarios"}, {"name": "suite", "value": "test_prototype_and_parameter"}, {"name": "subSuite", "value": "TestPrototypeAndParameter"}, {"name": "host", "value": "ubuntu"}, {"name": "thread", "value": "53959-MainThread"}, {"name": "framework", "value": "pytest"}, {"name": "language", "value": "cpython3"}, {"name": "package", "value": "tests.scenarios.test_prototype_and_parameter"}], "links": [{"type": "link", "url": "https://app.clickup.com/t/86cu5ghp2", "name": "https://app.clickup.com/t/86cu5ghp2"}]}