{"name": "Test to hide the parameters mapped to cjf and publish prototype", "status": "failed", "statusDetails": {"message": "AssertionError: Incorrect Password for Username: facility.admin.03 and Password: $unDay123", "trace": "self = <test_prototype_and_parameter.TestPrototypeAndParameter object at 0x79c71f5a3a70>\n\n    @allure.title(\"Test to hide the parameters mapped to cjf and publish prototype\")\n    @allure.description(\"This test case tests hiding the parameters those are mapped to cjf\")\n    @allure.link(\"https://app.clickup.com/t/85zu3rmgw\")\n    @pytest.mark.scenario\n    @pytest.mark.create_prototype\n    @pytest.mark.hide_parameters_mapped_to_cjf\n    def test_hide_parameters_mapped_to_cjf(self):\n>       login(Env.get_env_data(\"QA_ADMIN_USERNAME_01\"), Env.get_env_data(\"QA_ADMIN_PASSWORD_01\"))\n\ntests/scenarios/test_prototype_and_parameter.py:1821: \n_ _ _ _ _ _ _ _ _ _ _ _ _ _ _ _ _ _ _ _ _ _ _ _ _ _ _ _ _ _ _ _ _ _ _ _ _ _ _ _ _ _ _ _ _ _ _ _ _ _ _ _ _ _ _ _ _ _ _ _ _ _ _ _ _ _ _ _ _ _ _ _ _ _ _ _ _ _ _ _ _ _ _ _ _ _ _ _ _ _ _ _ _ _ _ _ _ _ _ _ _ _ _ _ _ _ _ _ _ _ _ _ _ _ \ntests/unit/login_logout/login_logout.py:21: in login\n    status_200(response, \"Incorrect Password for Username: \" + user_name + \" and Password: \" + password)\n_ _ _ _ _ _ _ _ _ _ _ _ _ _ _ _ _ _ _ _ _ _ _ _ _ _ _ _ _ _ _ _ _ _ _ _ _ _ _ _ _ _ _ _ _ _ _ _ _ _ _ _ _ _ _ _ _ _ _ _ _ _ _ _ _ _ _ _ _ _ _ _ _ _ _ _ _ _ _ _ _ _ _ _ _ _ _ _ _ _ _ _ _ _ _ _ _ _ _ _ _ _ _ _ _ _ _ _ _ _ _ _ _ _ \n\nresponse = <Response [500]>, message = 'Incorrect Password for Username: facility.admin.03 and Password: $unDay123'\n\n    def status_200(response, message=None):\n        if message is None:\n            message = response.text\n>       assert response.status_code == 200, message\nE       AssertionError: Incorrect Password for Username: facility.admin.03 and Password: $unDay123\n\nutil/validate_response.py:4: AssertionError"}, "description": "This test case tests hiding the parameters those are mapped to cjf", "start": 1733749883583, "stop": 1733749913680, "uuid": "0a4e46a1-a21b-4850-8ec3-47a21598e83d", "historyId": "9846f4ec5a6db1509af1ba76db7eccb3", "testCaseId": "1102145ca7b07825fad2885b72479be9", "fullName": "tests.scenarios.test_prototype_and_parameter.TestPrototypeAndParameter#test_hide_parameters_mapped_to_cjf", "labels": [{"name": "tag", "value": "hide_parameters_mapped_to_cjf"}, {"name": "tag", "value": "create_prototype"}, {"name": "tag", "value": "scenario"}, {"name": "parentSuite", "value": "tests.scenarios"}, {"name": "suite", "value": "test_prototype_and_parameter"}, {"name": "subSuite", "value": "TestPrototypeAndParameter"}, {"name": "host", "value": "ubuntu"}, {"name": "thread", "value": "49291-MainThread"}, {"name": "framework", "value": "pytest"}, {"name": "language", "value": "cpython3"}, {"name": "package", "value": "tests.scenarios.test_prototype_and_parameter"}], "links": [{"type": "link", "url": "https://app.clickup.com/t/85zu3rmgw", "name": "https://app.clickup.com/t/85zu3rmgw"}]}