{"name": "Test to verify disabling verification on parameters with any of the parameter verification type enabled", "status": "failed", "statusDetails": {"message": "AssertionError: Incorrect Password for Username: facility.admin.03 and Password: $unDay123", "trace": "self = <test_prototype_and_parameter.TestPrototypeAndParameter object at 0x79c71f57ccb0>\n\n    @allure.title(\n        \"Test to verify disabling verification on parameters with any of the parameter verification type enabled\")\n    @allure.description(\n        \"This test case tests disabling peer, self, or both parameter verification types on parameters with any of the \"\n        \"parameter verification types enabled\")\n    @allure.link(\"https://app.clickup.com/t/85ztzat7p\")\n    @pytest.mark.scenario\n    @pytest.mark.create_prototype\n    @pytest.mark.disabling_parameter_verification\n    def test_disabling_parameter_verification(self):\n>       login(Env.get_env_data(\"QA_ADMIN_USERNAME_01\"), Env.get_env_data(\"QA_ADMIN_PASSWORD_01\"))\n\ntests/scenarios/test_prototype_and_parameter.py:815: \n_ _ _ _ _ _ _ _ _ _ _ _ _ _ _ _ _ _ _ _ _ _ _ _ _ _ _ _ _ _ _ _ _ _ _ _ _ _ _ _ _ _ _ _ _ _ _ _ _ _ _ _ _ _ _ _ _ _ _ _ _ _ _ _ _ _ _ _ _ _ _ _ _ _ _ _ _ _ _ _ _ _ _ _ _ _ _ _ _ _ _ _ _ _ _ _ _ _ _ _ _ _ _ _ _ _ _ _ _ _ _ _ _ _ \ntests/unit/login_logout/login_logout.py:21: in login\n    status_200(response, \"Incorrect Password for Username: \" + user_name + \" and Password: \" + password)\n_ _ _ _ _ _ _ _ _ _ _ _ _ _ _ _ _ _ _ _ _ _ _ _ _ _ _ _ _ _ _ _ _ _ _ _ _ _ _ _ _ _ _ _ _ _ _ _ _ _ _ _ _ _ _ _ _ _ _ _ _ _ _ _ _ _ _ _ _ _ _ _ _ _ _ _ _ _ _ _ _ _ _ _ _ _ _ _ _ _ _ _ _ _ _ _ _ _ _ _ _ _ _ _ _ _ _ _ _ _ _ _ _ _ \n\nresponse = <Response [500]>, message = 'Incorrect Password for Username: facility.admin.03 and Password: $unDay123'\n\n    def status_200(response, message=None):\n        if message is None:\n            message = response.text\n>       assert response.status_code == 200, message\nE       AssertionError: Incorrect Password for Username: facility.admin.03 and Password: $unDay123\n\nutil/validate_response.py:4: AssertionError"}, "description": "This test case tests disabling peer, self, or both parameter verification types on parameters with any of the parameter verification types enabled", "start": 1733749431210, "stop": 1733749461304, "uuid": "6be14430-cc67-41de-ba0b-64e386dc90e1", "historyId": "cb11020d7530006f220d9d7485bfe47a", "testCaseId": "53dc7ae9b938fb28f2a3c7b42362bb97", "fullName": "tests.scenarios.test_prototype_and_parameter.TestPrototypeAndParameter#test_disabling_parameter_verification", "labels": [{"name": "tag", "value": "disabling_parameter_verification"}, {"name": "tag", "value": "create_prototype"}, {"name": "tag", "value": "scenario"}, {"name": "parentSuite", "value": "tests.scenarios"}, {"name": "suite", "value": "test_prototype_and_parameter"}, {"name": "subSuite", "value": "TestPrototypeAndParameter"}, {"name": "host", "value": "ubuntu"}, {"name": "thread", "value": "49291-MainThread"}, {"name": "framework", "value": "pytest"}, {"name": "language", "value": "cpython3"}, {"name": "package", "value": "tests.scenarios.test_prototype_and_parameter"}], "links": [{"type": "link", "url": "https://app.clickup.com/t/85ztzat7p", "name": "https://app.clickup.com/t/85ztzat7p"}]}