{"name": "Test to create a prototype with Parameters mapped to create job form", "status": "failed", "statusDetails": {"message": "AssertionError: Incorrect Password for Username: global.admin.02 and Password: $unDay123", "trace": "self = <test_prototype_and_parameter.TestPrototypeAndParameter object at 0x79c71f5a0440>\n\n    @allure.title(\"Test to create a prototype with Parameters mapped to create job form\")\n    @allure.description(\"This test case tests adding the parameters to create job form and submit it for review\")\n    @allure.link(\"https://app.clickup.com/t/85zrve5ae\")\n    @pytest.mark.scenario\n    @pytest.mark.create_prototype\n    @pytest.mark.adding_all_parameters_to_create_job_form_and_submit_for_review\n    def test_adding_all_parameters_to_create_job_form_and_submit_for_review(self):\n>       object_data, display_name = object_type_objects.test_create_objects()\n\ntests/scenarios/test_prototype_and_parameter.py:154: \n_ _ _ _ _ _ _ _ _ _ _ _ _ _ _ _ _ _ _ _ _ _ _ _ _ _ _ _ _ _ _ _ _ _ _ _ _ _ _ _ _ _ _ _ _ _ _ _ _ _ _ _ _ _ _ _ _ _ _ _ _ _ _ _ _ _ _ _ _ _ _ _ _ _ _ _ _ _ _ _ _ _ _ _ _ _ _ _ _ _ _ _ _ _ _ _ _ _ _ _ _ _ _ _ _ _ _ _ _ _ _ _ _ _ \ntests/scenarios/ontology/test_object.py:33: in test_create_objects\n    display_name = create_object_types_properties().get(\"display_name\", None)\ntests/scenarios/ontology/test_object_property.py:24: in test_create_object_type_properties\n    display_name = object_types()\ntests/scenarios/ontology/test_object_types.py:21: in test_create_object_types\n    login(Env.get_env_data(\"QA_GLOBAL_ADMIN_USERNAME_01\"), Env.get_env_data(\"QA_GLOBAL_ADMIN_PASSWORD_01\"))\ntests/unit/login_logout/login_logout.py:21: in login\n    status_200(response, \"Incorrect Password for Username: \" + user_name + \" and Password: \" + password)\n_ _ _ _ _ _ _ _ _ _ _ _ _ _ _ _ _ _ _ _ _ _ _ _ _ _ _ _ _ _ _ _ _ _ _ _ _ _ _ _ _ _ _ _ _ _ _ _ _ _ _ _ _ _ _ _ _ _ _ _ _ _ _ _ _ _ _ _ _ _ _ _ _ _ _ _ _ _ _ _ _ _ _ _ _ _ _ _ _ _ _ _ _ _ _ _ _ _ _ _ _ _ _ _ _ _ _ _ _ _ _ _ _ _ \n\nresponse = <Response [500]>, message = 'Incorrect Password for Username: global.admin.02 and Password: $unDay123'\n\n    def status_200(response, message=None):\n        if message is None:\n            message = response.text\n>       assert response.status_code == 200, message\nE       AssertionError: Incorrect Password for Username: global.admin.02 and Password: $unDay123\n\nutil/validate_response.py:4: AssertionError"}, "description": "This test case tests adding the parameters to create job form and submit it for review", "start": 1733749159737, "stop": 1733749189832, "uuid": "3c9e38c7-8879-4f4a-b259-e39f3729873a", "historyId": "8a47339aac01d9134790afb743613f4f", "testCaseId": "c307a57d6bc20b6a32783e5b99ce347a", "fullName": "tests.scenarios.test_prototype_and_parameter.TestPrototypeAndParameter#test_adding_all_parameters_to_create_job_form_and_submit_for_review", "labels": [{"name": "tag", "value": "adding_all_parameters_to_create_job_form_and_submit_for_review"}, {"name": "tag", "value": "create_prototype"}, {"name": "tag", "value": "scenario"}, {"name": "parentSuite", "value": "tests.scenarios"}, {"name": "suite", "value": "test_prototype_and_parameter"}, {"name": "subSuite", "value": "TestPrototypeAndParameter"}, {"name": "host", "value": "ubuntu"}, {"name": "thread", "value": "49291-MainThread"}, {"name": "framework", "value": "pytest"}, {"name": "language", "value": "cpython3"}, {"name": "package", "value": "tests.scenarios.test_prototype_and_parameter"}], "links": [{"type": "link", "url": "https://app.clickup.com/t/85zrve5ae", "name": "https://app.clickup.com/t/85zrve5ae"}]}