{"name": "Test to archive a prototype", "status": "failed", "statusDetails": {"message": "AssertionError: Incorrect Password for Username: facility.admin.03 and Password: $unDay123", "trace": "self = <test_processes.TestProcess object at 0x79c71f57f230>\n\n    @allure.title(\"Test to archive a prototype\")\n    @allure.description(\"This test case tests archiving a prototype\")\n    @allure.link(\"https://app.clickup.com/t/85zttrrag\")\n    @pytest.mark.scenario\n    @pytest.mark.archives_unarchives\n    @pytest.mark.archiving_prototype\n    def test_archiving_prototype(self):\n>       login(Env.get_env_data(\"QA_ADMIN_USERNAME_01\"), Env.get_env_data(\"QA_ADMIN_PASSWORD_01\"))\n\ntests/scenarios/test_processes.py:59: \n_ _ _ _ _ _ _ _ _ _ _ _ _ _ _ _ _ _ _ _ _ _ _ _ _ _ _ _ _ _ _ _ _ _ _ _ _ _ _ _ _ _ _ _ _ _ _ _ _ _ _ _ _ _ _ _ _ _ _ _ _ _ _ _ _ _ _ _ _ _ _ _ _ _ _ _ _ _ _ _ _ _ _ _ _ _ _ _ _ _ _ _ _ _ _ _ _ _ _ _ _ _ _ _ _ _ _ _ _ _\ntests/unit/login_logout/login_logout.py:21: in login\n    status_200(response, \"Incorrect Password for Username: \" + user_name + \" and Password: \" + password)\n_ _ _ _ _ _ _ _ _ _ _ _ _ _ _ _ _ _ _ _ _ _ _ _ _ _ _ _ _ _ _ _ _ _ _ _ _ _ _ _ _ _ _ _ _ _ _ _ _ _ _ _ _ _ _ _ _ _ _ _ _ _ _ _ _ _ _ _ _ _ _ _ _ _ _ _ _ _ _ _ _ _ _ _ _ _ _ _ _ _ _ _ _ _ _ _ _ _ _ _ _ _ _ _ _ _ _ _ _ _\n\nresponse = <Response [500]>, message = 'Incorrect Password for Username: facility.admin.03 and Password: $unDay123'\n\n    def status_200(response, message=None):\n        if message is None:\n            message = response.text\n>       assert response.status_code == 200, message\nE       AssertionError: Incorrect Password for Username: facility.admin.03 and Password: $unDay123\n\nutil/validate_response.py:4: AssertionError"}, "description": "This test case tests archiving a prototype", "start": 1733748918567, "stop": 1733748948661, "uuid": "90931b67-6332-4547-8886-af20a6554621", "historyId": "d940dd446e6e4569b86f7fedcbe2a856", "testCaseId": "15fcf1b726ccce1326ccc53892678da1", "fullName": "tests.scenarios.test_processes.TestProcess#test_archiving_prototype", "labels": [{"name": "tag", "value": "archiving_prototype"}, {"name": "tag", "value": "archives_unarchives"}, {"name": "tag", "value": "scenario"}, {"name": "parentSuite", "value": "tests.scenarios"}, {"name": "suite", "value": "test_processes"}, {"name": "subSuite", "value": "TestProcess"}, {"name": "host", "value": "ubuntu"}, {"name": "thread", "value": "49291-MainThread"}, {"name": "framework", "value": "pytest"}, {"name": "language", "value": "cpython3"}, {"name": "package", "value": "tests.scenarios.test_processes"}], "links": [{"type": "link", "url": "https://app.clickup.com/t/85zttrrag", "name": "https://app.clickup.com/t/85zttrrag"}]}