{"name": "Test to verify that user provide the reason for entering the value breaching condition for criteria type validation with constant value during execution of job", "status": "failed", "statusDetails": {"message": "AssertionError", "trace": "self = <test_number_parameter_exception_management_execution.TestNumberParameterExceptionManagementExecution object at 0x7af8221a6270>\nuser_group_creation = 'Auto_Test_user_group_TestNumberParameterExceptionManagementExecution_760', job_execution_by = 'user', users_list = ['process.publisher.03', 'process.publisher.04']\n\n    @allure.title(\"Test to verify that user provide the reason for entering the value breaching condition for \"\n                  \"criteria type validation with constant value during execution of job\")\n    @allure.description(\n        \"This test case validates that user provide the reason for entering the value breaching condition for \"\n        \"criteria type validation with constant value during execution of job\")\n    @allure.link(\"https://app.clickup.com/t/86cvmvv57\")\n    @pytest.mark.scenario\n    @pytest.mark.job\n    @pytest.mark.exception_management_workflow\n    @pytest.mark.validate_reason_for_breach_of_criteria_type_validation_with_constant_value\n    @pytest.mark.parametrize(\"job_execution_by, users_list\", [\n        (\"user\", [Env.get_env_data(\"QA_PUBLISHER_USERNAME_01\"), Env.get_env_data(\"QA_PUBLISHER_USERNAME_02\")])])\n    def test_validate_reason_for_breach_of_criteria_type_validation_with_constant_value(self, user_group_creation,\n                                                                                        job_execution_by, users_list):\n>       process_data = self.process_obj.test_add_number_parameter_with_criteria_type_validation_enabled_reasoned_entry_condition_and_constant_value()\n\ntests/scenarios/job/test_number_parameter_exception_management_execution.py:314: \n_ _ _ _ _ _ _ _ _ _ _ _ _ _ _ _ _ _ _ _ _ _ _ _ _ _ _ _ _ _ _ _ _ _ _ _ _ _ _ _ _ _ _ _ _ _ _ _ _ _ _ _ _ _ _ _ _ _ _ _ _ _ _ _ _ _ _ _ _ _ _ _ _ _ _ _ _ _ _ _ _ _ _ _ _ _ _ _ _ _ _ _ _ _ _ _ _ _ _ _ _ _ _ _ _ _ _ _ _ _ _ _ _ _ \ntests/scenarios/test_number_parameter_exception_management.py:221: in test_add_number_parameter_with_criteria_type_validation_enabled_reasoned_entry_condition_and_constant_value\n    validate_checklist()\ntests/unit/prototyping/process.py:186: in validate_checklist\n    status_200(response)\n_ _ _ _ _ _ _ _ _ _ _ _ _ _ _ _ _ _ _ _ _ _ _ _ _ _ _ _ _ _ _ _ _ _ _ _ _ _ _ _ _ _ _ _ _ _ _ _ _ _ _ _ _ _ _ _ _ _ _ _ _ _ _ _ _ _ _ _ _ _ _ _ _ _ _ _ _ _ _ _ _ _ _ _ _ _ _ _ _ _ _ _ _ _ _ _ _ _ _ _ _ _ _ _ _ _ _ _ _ _ _ _ _ _ \n\nresponse = <Response [500]>, message = ''\n\n    def status_200(response, message=None):\n        if message is None:\n            message = response.text\n>       assert response.status_code == 200, message\nE       AssertionError\n\nutil/validate_response.py:4: AssertionError"}, "description": "This test case validates that user provide the reason for entering the value breaching condition for criteria type validation with constant value during execution of job", "parameters": [{"name": "job_execution_by", "value": "'user'"}, {"name": "users_list", "value": "['process.publisher.03', 'process.publisher.04']"}], "start": 1733499675696, "stop": 1733499676689, "uuid": "64f3f296-5247-471e-b887-337d38bf9f58", "historyId": "920645bf184d34e8873b4b3edfe5d254", "testCaseId": "f46a1b7a8243f050df5438543e568e6a", "fullName": "tests.scenarios.job.test_number_parameter_exception_management_execution.TestNumberParameterExceptionManagementExecution#test_validate_reason_for_breach_of_criteria_type_validation_with_constant_value", "labels": [{"name": "tag", "value": "validate_reason_for_breach_of_criteria_type_validation_with_constant_value"}, {"name": "tag", "value": "exception_management_workflow"}, {"name": "tag", "value": "job"}, {"name": "tag", "value": "scenario"}, {"name": "parentSuite", "value": "tests.scenarios.job"}, {"name": "suite", "value": "test_number_parameter_exception_management_execution"}, {"name": "subSuite", "value": "TestNumberParameterExceptionManagementExecution"}, {"name": "host", "value": "ubuntu"}, {"name": "thread", "value": "29333-MainThread"}, {"name": "framework", "value": "pytest"}, {"name": "language", "value": "cpython3"}, {"name": "package", "value": "tests.scenarios.job.test_number_parameter_exception_management_execution"}], "links": [{"type": "link", "url": "https://app.clickup.com/t/86cvmvv57", "name": "https://app.clickup.com/t/86cvmvv57"}]}