{"name": "Test to search a process through process name in published process", "status": "failed", "statusDetails": {"message": "AssertionError: Incorrect Password for Username: global.admin.02 and Password: $unDay123", "trace": "self = <test_processes.TestProcess object at 0x79c71f57f980>\n\n    @allure.title(\"Test to search a process through process name in published process\")\n    @allure.description(\"This test case tests searching a process through process name in published process\")\n    @allure.link(\"https://app.clickup.com/t/86cuh0dhm\")\n    @pytest.mark.scenario\n    @pytest.mark.search_process_name_published_process\n    def test_search_process_name_published_process(self):\n>       self.process_obj.test_adding_all_parameters_and_publish_prototype()\n\ntests/scenarios/test_processes.py:112: \n_ _ _ _ _ _ _ _ _ _ _ _ _ _ _ _ _ _ _ _ _ _ _ _ _ _ _ _ _ _ _ _ _ _ _ _ _ _ _ _ _ _ _ _ _ _ _ _ _ _ _ _ _ _ _ _ _ _ _ _ _ _ _ _ _ _ _ _ _ _ _ _ _ _ _ _ _ _ _ _ _ _ _ _ _ _ _ _ _ _ _ _ _ _ _ _ _ _ _ _ _ _ _ _ _ _ _ _ _ _\ntests/scenarios/test_prototype_and_parameter.py:34: in test_adding_all_parameters_and_publish_prototype\n    object_data, display_name = object_type_objects.test_create_objects()\ntests/scenarios/ontology/test_object.py:33: in test_create_objects\n    display_name = create_object_types_properties().get(\"display_name\", None)\ntests/scenarios/ontology/test_object_property.py:24: in test_create_object_type_properties\n    display_name = object_types()\ntests/scenarios/ontology/test_object_types.py:21: in test_create_object_types\n    login(Env.get_env_data(\"QA_GLOBAL_ADMIN_USERNAME_01\"), Env.get_env_data(\"QA_GLOBAL_ADMIN_PASSWORD_01\"))\ntests/unit/login_logout/login_logout.py:21: in login\n    status_200(response, \"Incorrect Password for Username: \" + user_name + \" and Password: \" + password)\n_ _ _ _ _ _ _ _ _ _ _ _ _ _ _ _ _ _ _ _ _ _ _ _ _ _ _ _ _ _ _ _ _ _ _ _ _ _ _ _ _ _ _ _ _ _ _ _ _ _ _ _ _ _ _ _ _ _ _ _ _ _ _ _ _ _ _ _ _ _ _ _ _ _ _ _ _ _ _ _ _ _ _ _ _ _ _ _ _ _ _ _ _ _ _ _ _ _ _ _ _ _ _ _ _ _ _ _ _ _\n\nresponse = <Response [500]>, message = 'Incorrect Password for Username: global.admin.02 and Password: $unDay123'\n\n    def status_200(response, message=None):\n        if message is None:\n            message = response.text\n>       assert response.status_code == 200, message\nE       AssertionError: Incorrect Password for Username: global.admin.02 and Password: $unDay123\n\nutil/validate_response.py:4: AssertionError"}, "description": "This test case tests searching a process through process name in published process", "start": 1733749008937, "stop": 1733749039036, "uuid": "a0e98a7a-20ad-4592-96a5-d405afdf3184", "historyId": "9c4d3e49b83def51199952e7ccef53de", "testCaseId": "a098ecce7cae25aa1516805b66a57db2", "fullName": "tests.scenarios.test_processes.TestProcess#test_search_process_name_published_process", "labels": [{"name": "tag", "value": "search_process_name_published_process"}, {"name": "tag", "value": "scenario"}, {"name": "parentSuite", "value": "tests.scenarios"}, {"name": "suite", "value": "test_processes"}, {"name": "subSuite", "value": "TestProcess"}, {"name": "host", "value": "ubuntu"}, {"name": "thread", "value": "49291-MainThread"}, {"name": "framework", "value": "pytest"}, {"name": "language", "value": "cpython3"}, {"name": "package", "value": "tests.scenarios.test_processes"}], "links": [{"type": "link", "url": "https://app.clickup.com/t/86cuh0dhm", "name": "https://app.clickup.com/t/86cuh0dhm"}]}